[07-May-2020 02:59:52 Europe/Berlin] Info=> prt_ini_session ; mesaje=>metodo-peticion=post
[07-May-2020 02:59:52 Europe/Berlin] Info=> prt_ini_session ; mesaje=>usuario=ZWRpc29u
[07-May-2020 02:59:52 Europe/Berlin] Info=> prt_ini_session ; mesaje=>password=MTIzNDU=
[07-May-2020 02:59:52 Europe/Berlin] Info=> Usuario->Auth_Usuario() ; mesaje=>nombre=ZWRpc29u
[07-May-2020 02:59:52 Europe/Berlin] Info=> Usuario->Auth_Usuario() ; mesaje=>password=MTIzNDU=
[07-May-2020 02:59:52 Europe/Berlin] info=>AutentificacionUsuario ; mensaje=>tabla= clientes.usuario
[07-May-2020 02:59:52 Europe/Berlin] info=>AutentificacionUsuario ; mensaje=>SELECT id, nombre, apellido ,correo, activo FROM clientes.usuario WHERE nombre=ZWRpc29uAND password='12345'
[07-May-2020 02:59:52 Europe/Berlin] info=>ConeccionDB->starConnect() ; mensaje=>coneccion realizada....
[07-May-2020 02:59:52 Europe/Berlin] info=>RexpressDao ; mensaje=>numero de resultados1
[07-May-2020 02:59:52 Europe/Berlin] info=>ConeccionDB->closeConnect() ; mensaje=> coneccion cerrada
[07-May-2020 02:59:52 Europe/Berlin] info=>AutentificacionUsuario ; mensaje=>correo encontrado ; registros devueltos 1
[07-May-2020 02:59:52 Europe/Berlin] Info=> prt_ini_session ; sessiom=>On;  mesaje=>edison
[07-May-2020 02:59:52 Europe/Berlin] Info=> prt_ini_session ; sessiom=>On;  mesaje=>edison@pruebas.om
[07-May-2020 02:59:52 Europe/Berlin] Info=> prt_ini_session ; sessiom=>On;  mesaje=>si
[07-May-2020 02:59:52 Europe/Berlin] Info=> prt_ini_session ; sessiom=>On;  mesaje=>1
[07-May-2020 02:59:52 Europe/Berlin] Info=> prt_ini_session ; sessiom=>On;  mesaje=>On
[07-May-2020 03:03:42 Europe/Berlin] Info=> prt_dtroy_session ; mesaje=>session destroy ; home=null
[07-May-2020 03:11:27 Europe/Berlin] Info=> prt_ini_session ; mesaje=>metodo-peticion=post
[07-May-2020 03:11:27 Europe/Berlin] Info=> prt_ini_session ; mesaje=>usuario=ZWRpc29u
[07-May-2020 03:11:27 Europe/Berlin] Info=> prt_ini_session ; mesaje=>password=emFtb3JhMTk5MA==
[07-May-2020 03:11:27 Europe/Berlin] Info=> Usuario->Auth_Usuario() ; mesaje=>nombre=ZWRpc29u
[07-May-2020 03:11:27 Europe/Berlin] Info=> Usuario->Auth_Usuario() ; mesaje=>password=emFtb3JhMTk5MA==
[07-May-2020 03:11:27 Europe/Berlin] info=>AutentificacionUsuario ; mensaje=>tabla= clientes.usuario
[07-May-2020 03:11:27 Europe/Berlin] info=>AutentificacionUsuario ; mensaje=>SELECT id, nombre, apellido ,correo, activo FROM clientes.usuario WHERE nombre=ZWRpc29uAND password='zamora1990'
[07-May-2020 03:11:27 Europe/Berlin] info=>ConeccionDB->starConnect() ; mensaje=>coneccion realizada....
[07-May-2020 03:11:27 Europe/Berlin] info=>RexpressDao ; mensaje=>numero de resultados0
[07-May-2020 03:11:27 Europe/Berlin] info=>ConeccionDB->closeConnect() ; mensaje=> coneccion cerrada
[07-May-2020 03:11:27 Europe/Berlin] info=>AutentificacionUsuario ; mensaje=> correo no encontrado ; registros devueltos 0
[07-May-2020 03:11:27 Europe/Berlin] Info=> prt_ini_session ; sessiom=>Off;  mesaje=>null
[07-May-2020 03:11:40 Europe/Berlin] Info=> prt_ini_session ; mesaje=>metodo-peticion=post
[07-May-2020 03:11:40 Europe/Berlin] Info=> prt_ini_session ; mesaje=>usuario=ZWRpc29u
[07-May-2020 03:11:40 Europe/Berlin] Info=> prt_ini_session ; mesaje=>password=MTIzNDU=
[07-May-2020 03:11:41 Europe/Berlin] Info=> Usuario->Auth_Usuario() ; mesaje=>nombre=ZWRpc29u
[07-May-2020 03:11:41 Europe/Berlin] Info=> Usuario->Auth_Usuario() ; mesaje=>password=MTIzNDU=
[07-May-2020 03:11:41 Europe/Berlin] info=>AutentificacionUsuario ; mensaje=>tabla= clientes.usuario
[07-May-2020 03:11:41 Europe/Berlin] info=>AutentificacionUsuario ; mensaje=>SELECT id, nombre, apellido ,correo, activo FROM clientes.usuario WHERE nombre=ZWRpc29uAND password='12345'
[07-May-2020 03:11:41 Europe/Berlin] info=>ConeccionDB->starConnect() ; mensaje=>coneccion realizada....
[07-May-2020 03:11:41 Europe/Berlin] info=>RexpressDao ; mensaje=>numero de resultados1
[07-May-2020 03:11:41 Europe/Berlin] info=>ConeccionDB->closeConnect() ; mensaje=> coneccion cerrada
[07-May-2020 03:11:41 Europe/Berlin] info=>AutentificacionUsuario ; mensaje=>correo encontrado ; registros devueltos 1
[07-May-2020 03:11:41 Europe/Berlin] Info=> prt_ini_session ; sessiom=>On;  mesaje=>edison
[07-May-2020 03:11:41 Europe/Berlin] Info=> prt_ini_session ; sessiom=>On;  mesaje=>edison@pruebas.om
[07-May-2020 03:11:41 Europe/Berlin] Info=> prt_ini_session ; sessiom=>On;  mesaje=>si
[07-May-2020 03:11:41 Europe/Berlin] Info=> prt_ini_session ; sessiom=>On;  mesaje=>1
[07-May-2020 03:11:41 Europe/Berlin] Info=> prt_ini_session ; sessiom=>On;  mesaje=>On
[07-May-2020 03:15:01 Europe/Berlin] Info=> prt_dtroy_session ; mesaje=>session destroy ; home=null
[07-May-2020 03:21:06 Europe/Berlin] Info=> prt_ini_session ; mesaje=>metodo-peticion=post
[07-May-2020 03:21:06 Europe/Berlin] Info=> prt_ini_session ; mesaje=>usuario=ZWRpc29u
[07-May-2020 03:21:06 Europe/Berlin] Info=> prt_ini_session ; mesaje=>password=MTIzNDU=
[07-May-2020 03:21:06 Europe/Berlin] Info=> Usuario->Auth_Usuario() ; mesaje=>nombre=ZWRpc29u
[07-May-2020 03:21:06 Europe/Berlin] Info=> Usuario->Auth_Usuario() ; mesaje=>password=MTIzNDU=
[07-May-2020 03:21:06 Europe/Berlin] info=>AutentificacionUsuario ; mensaje=>tabla= clientes.usuario
[07-May-2020 03:21:06 Europe/Berlin] info=>AutentificacionUsuario ; mensaje=>SELECT id, nombre, apellido ,correo, activo FROM clientes.usuario WHERE nombre=ZWRpc29uAND password='12345'
[07-May-2020 03:21:06 Europe/Berlin] info=>ConeccionDB->starConnect() ; mensaje=>coneccion realizada....
[07-May-2020 03:21:06 Europe/Berlin] info=>RexpressDao ; mensaje=>numero de resultados1
[07-May-2020 03:21:06 Europe/Berlin] info=>ConeccionDB->closeConnect() ; mensaje=> coneccion cerrada
[07-May-2020 03:21:06 Europe/Berlin] info=>AutentificacionUsuario ; mensaje=>correo encontrado ; registros devueltos 1
[07-May-2020 03:21:06 Europe/Berlin] Info=> prt_ini_session ; sessiom=>On;  mesaje=>edison
[07-May-2020 03:21:06 Europe/Berlin] Info=> prt_ini_session ; sessiom=>On;  mesaje=>edison@pruebas.om
[07-May-2020 03:21:06 Europe/Berlin] Info=> prt_ini_session ; sessiom=>On;  mesaje=>si
[07-May-2020 03:21:06 Europe/Berlin] Info=> prt_ini_session ; sessiom=>On;  mesaje=>1
[07-May-2020 03:21:06 Europe/Berlin] Info=> prt_ini_session ; sessiom=>On;  mesaje=>On
[07-May-2020 03:30:45 Europe/Berlin] Info=> prt_dtroy_session ; mesaje=>session destroy ; home=null
[07-May-2020 03:37:41 Europe/Berlin] Info=> prt_ini_session ; mesaje=>metodo-peticion=post
[07-May-2020 03:37:41 Europe/Berlin] Info=> prt_ini_session ; mesaje=>usuario=ZWRpc29u
[07-May-2020 03:37:41 Europe/Berlin] Info=> prt_ini_session ; mesaje=>password=MTIzNDU=
[07-May-2020 03:37:41 Europe/Berlin] Info=> Usuario->Auth_Usuario() ; mesaje=>nombre=ZWRpc29u
[07-May-2020 03:37:41 Europe/Berlin] Info=> Usuario->Auth_Usuario() ; mesaje=>password=MTIzNDU=
[07-May-2020 03:37:41 Europe/Berlin] info=>AutentificacionUsuario ; mensaje=>tabla= clientes.usuario
[07-May-2020 03:37:41 Europe/Berlin] info=>AutentificacionUsuario ; mensaje=>SELECT id, nombre, apellido ,correo, activo FROM clientes.usuario WHERE nombre=ZWRpc29uAND password='12345'
[07-May-2020 03:37:41 Europe/Berlin] info=>ConeccionDB->starConnect() ; mensaje=>coneccion realizada....
[07-May-2020 03:37:41 Europe/Berlin] info=>RexpressDao ; mensaje=>numero de resultados1
[07-May-2020 03:37:41 Europe/Berlin] info=>ConeccionDB->closeConnect() ; mensaje=> coneccion cerrada
[07-May-2020 03:37:41 Europe/Berlin] info=>AutentificacionUsuario ; mensaje=>correo encontrado ; registros devueltos 1
[07-May-2020 03:37:41 Europe/Berlin] Info=> prt_ini_session ; sessiom=>On;  mesaje=>edison
[07-May-2020 03:37:41 Europe/Berlin] Info=> prt_ini_session ; sessiom=>On;  mesaje=>edison@pruebas.om
[07-May-2020 03:37:41 Europe/Berlin] Info=> prt_ini_session ; sessiom=>On;  mesaje=>si
[07-May-2020 03:37:41 Europe/Berlin] Info=> prt_ini_session ; sessiom=>On;  mesaje=>1
[07-May-2020 03:37:41 Europe/Berlin] Info=> prt_ini_session ; sessiom=>On;  mesaje=>On
[07-May-2020 03:58:10 Europe/Berlin] Info=> prt_dtroy_session ; mesaje=>session destroy ; home=null
[07-May-2020 05:45:32 Europe/Berlin] Info=> prt_ini_session ; mesaje=>metodo-peticion=post
[07-May-2020 05:45:32 Europe/Berlin] Info=> prt_ini_session ; mesaje=>usuario=ZWRpc29u
[07-May-2020 05:45:33 Europe/Berlin] Info=> prt_ini_session ; mesaje=>password=MTIzNDU=
[07-May-2020 05:45:33 Europe/Berlin] Info=> Usuario->Auth_Usuario() ; mesaje=>nombre=ZWRpc29u
[07-May-2020 05:45:33 Europe/Berlin] Info=> Usuario->Auth_Usuario() ; mesaje=>password=MTIzNDU=
[07-May-2020 05:45:33 Europe/Berlin] info=>AutentificacionUsuario ; mensaje=>tabla= clientes.usuario
[07-May-2020 05:45:33 Europe/Berlin] info=>AutentificacionUsuario ; mensaje=>SELECT id, nombre, apellido ,correo, activo FROM clientes.usuario WHERE nombre=ZWRpc29uAND password='12345'
[07-May-2020 05:45:33 Europe/Berlin] info=>ConeccionDB->starConnect() ; mensaje=>coneccion realizada....
[07-May-2020 05:45:33 Europe/Berlin] info=>RexpressDao ; mensaje=>numero de resultados1
[07-May-2020 05:45:33 Europe/Berlin] info=>ConeccionDB->closeConnect() ; mensaje=> coneccion cerrada
[07-May-2020 05:45:33 Europe/Berlin] info=>AutentificacionUsuario ; mensaje=>correo encontrado ; registros devueltos 1
[07-May-2020 05:45:33 Europe/Berlin] Info=> prt_ini_session ; sessiom=>On;  mesaje=>edison
[07-May-2020 05:45:33 Europe/Berlin] Info=> prt_ini_session ; sessiom=>On;  mesaje=>edison@pruebas.om
[07-May-2020 05:45:33 Europe/Berlin] Info=> prt_ini_session ; sessiom=>On;  mesaje=>si
[07-May-2020 05:45:33 Europe/Berlin] Info=> prt_ini_session ; sessiom=>On;  mesaje=>1
[07-May-2020 05:45:33 Europe/Berlin] Info=> prt_ini_session ; sessiom=>On;  mesaje=>On
[07-May-2020 05:45:39 Europe/Berlin] Info=> prt_dtroy_session ; mesaje=>session destroy ; home=null
[07-May-2020 05:53:38 Europe/Berlin] Info=> prt_ini_session ; mesaje=>metodo-peticion=post
[07-May-2020 05:53:38 Europe/Berlin] Info=> prt_ini_session ; mesaje=>usuario=ZWRpc29u
[07-May-2020 05:53:38 Europe/Berlin] Info=> prt_ini_session ; mesaje=>password=MTIzNDU=
[07-May-2020 05:53:38 Europe/Berlin] Info=> Usuario->Auth_Usuario() ; mesaje=>nombre=ZWRpc29u
[07-May-2020 05:53:38 Europe/Berlin] Info=> Usuario->Auth_Usuario() ; mesaje=>password=MTIzNDU=
[07-May-2020 05:53:38 Europe/Berlin] info=>AutentificacionUsuario ; mensaje=>tabla= clientes.usuario
[07-May-2020 05:53:38 Europe/Berlin] info=>AutentificacionUsuario ; mensaje=>SELECT id, nombre, apellido ,correo, activo FROM clientes.usuario WHERE nombre=ZWRpc29uAND password='12345'
[07-May-2020 05:53:38 Europe/Berlin] info=>ConeccionDB->starConnect() ; mensaje=>coneccion realizada....
[07-May-2020 05:53:38 Europe/Berlin] info=>RexpressDao ; mensaje=>numero de resultados1
[07-May-2020 05:53:38 Europe/Berlin] info=>ConeccionDB->closeConnect() ; mensaje=> coneccion cerrada
[07-May-2020 05:53:38 Europe/Berlin] info=>AutentificacionUsuario ; mensaje=>correo encontrado ; registros devueltos 1
[07-May-2020 05:53:38 Europe/Berlin] Info=> prt_ini_session ; sessiom=>On;  mesaje=>edison
[07-May-2020 05:53:38 Europe/Berlin] Info=> prt_ini_session ; sessiom=>On;  mesaje=>edison@pruebas.om
[07-May-2020 05:53:38 Europe/Berlin] Info=> prt_ini_session ; sessiom=>On;  mesaje=>si
[07-May-2020 05:53:38 Europe/Berlin] Info=> prt_ini_session ; sessiom=>On;  mesaje=>1
[07-May-2020 05:53:38 Europe/Berlin] Info=> prt_ini_session ; sessiom=>On;  mesaje=>On
[07-May-2020 05:55:48 Europe/Berlin] Info=> prt_dtroy_session ; mesaje=>session destroy ; home=null
[07-May-2020 07:02:14 Europe/Berlin] Info=> prt_ini_session ; mesaje=>metodo-peticion=post
[07-May-2020 07:02:14 Europe/Berlin] Info=> prt_ini_session ; mesaje=>usuario=ZWRpc29u
[07-May-2020 07:02:14 Europe/Berlin] Info=> prt_ini_session ; mesaje=>password=MTIzNDU=
[07-May-2020 07:02:14 Europe/Berlin] Info=> Usuario->Auth_Usuario() ; mesaje=>nombre=ZWRpc29u
[07-May-2020 07:02:14 Europe/Berlin] Info=> Usuario->Auth_Usuario() ; mesaje=>password=MTIzNDU=
[07-May-2020 07:02:14 Europe/Berlin] info=>AutentificacionUsuario ; mensaje=>tabla= clientes.usuario
[07-May-2020 07:02:14 Europe/Berlin] info=>AutentificacionUsuario ; mensaje=>SELECT id, nombre, apellido ,correo, activo FROM clientes.usuario WHERE nombre=ZWRpc29uAND password='12345'
[07-May-2020 07:02:14 Europe/Berlin] info=>ConeccionDB->starConnect() ; mensaje=>coneccion realizada....
[07-May-2020 07:02:14 Europe/Berlin] info=>RexpressDao ; mensaje=>numero de resultados1
[07-May-2020 07:02:14 Europe/Berlin] info=>ConeccionDB->closeConnect() ; mensaje=> coneccion cerrada
[07-May-2020 07:02:14 Europe/Berlin] info=>AutentificacionUsuario ; mensaje=>correo encontrado ; registros devueltos 1
[07-May-2020 07:02:14 Europe/Berlin] Info=> prt_ini_session ; sessiom=>On;  mesaje=>edison
[07-May-2020 07:02:14 Europe/Berlin] Info=> prt_ini_session ; sessiom=>On;  mesaje=>edison@pruebas.om
[07-May-2020 07:02:14 Europe/Berlin] Info=> prt_ini_session ; sessiom=>On;  mesaje=>si
[07-May-2020 07:02:14 Europe/Berlin] Info=> prt_ini_session ; sessiom=>On;  mesaje=>1
[07-May-2020 07:02:14 Europe/Berlin] Info=> prt_ini_session ; sessiom=>On;  mesaje=>On
[07-May-2020 07:02:20 Europe/Berlin] Info=> prt_dtroy_session ; mesaje=>session destroy ; home=null
[07-May-2020 07:03:18 Europe/Berlin] Info=> prt_ini_session ; mesaje=>metodo-peticion=post
[07-May-2020 07:03:18 Europe/Berlin] Info=> prt_ini_session ; mesaje=>usuario=ZWRpc29u
[07-May-2020 07:03:19 Europe/Berlin] Info=> prt_ini_session ; mesaje=>password=MTIzNDU=
[07-May-2020 07:03:19 Europe/Berlin] Info=> Usuario->Auth_Usuario() ; mesaje=>nombre=ZWRpc29u
[07-May-2020 07:03:19 Europe/Berlin] Info=> Usuario->Auth_Usuario() ; mesaje=>password=MTIzNDU=
[07-May-2020 07:03:19 Europe/Berlin] info=>AutentificacionUsuario ; mensaje=>tabla= clientes.usuario
[07-May-2020 07:03:19 Europe/Berlin] info=>AutentificacionUsuario ; mensaje=>SELECT id, nombre, apellido ,correo, activo FROM clientes.usuario WHERE nombre=ZWRpc29uAND password='12345'
[07-May-2020 07:03:19 Europe/Berlin] info=>ConeccionDB->starConnect() ; mensaje=>coneccion realizada....
[07-May-2020 07:03:19 Europe/Berlin] info=>RexpressDao ; mensaje=>numero de resultados1
[07-May-2020 07:03:19 Europe/Berlin] info=>ConeccionDB->closeConnect() ; mensaje=> coneccion cerrada
[07-May-2020 07:03:19 Europe/Berlin] info=>AutentificacionUsuario ; mensaje=>correo encontrado ; registros devueltos 1
[07-May-2020 07:03:19 Europe/Berlin] Info=> prt_ini_session ; sessiom=>On;  mesaje=>edison
[07-May-2020 07:03:19 Europe/Berlin] Info=> prt_ini_session ; sessiom=>On;  mesaje=>edison@pruebas.om
[07-May-2020 07:03:19 Europe/Berlin] Info=> prt_ini_session ; sessiom=>On;  mesaje=>si
[07-May-2020 07:03:19 Europe/Berlin] Info=> prt_ini_session ; sessiom=>On;  mesaje=>1
[07-May-2020 07:03:19 Europe/Berlin] Info=> prt_ini_session ; sessiom=>On;  mesaje=>On
[07-May-2020 07:03:30 Europe/Berlin] Info=> prt_dtroy_session ; mesaje=>session destroy ; home=null
[07-May-2020 07:03:37 Europe/Berlin] Info=> prt_ini_session ; mesaje=>metodo-peticion=post
[07-May-2020 07:03:37 Europe/Berlin] Info=> prt_ini_session ; mesaje=>usuario=ZWRpc29u
[07-May-2020 07:03:37 Europe/Berlin] Info=> prt_ini_session ; mesaje=>password=d2FzYQ==
[07-May-2020 07:03:37 Europe/Berlin] Info=> Usuario->Auth_Usuario() ; mesaje=>nombre=ZWRpc29u
[07-May-2020 07:03:37 Europe/Berlin] Info=> Usuario->Auth_Usuario() ; mesaje=>password=d2FzYQ==
[07-May-2020 07:03:37 Europe/Berlin] info=>AutentificacionUsuario ; mensaje=>tabla= clientes.usuario
[07-May-2020 07:03:37 Europe/Berlin] info=>AutentificacionUsuario ; mensaje=>SELECT id, nombre, apellido ,correo, activo FROM clientes.usuario WHERE nombre=ZWRpc29uAND password='wasa'
[07-May-2020 07:03:37 Europe/Berlin] info=>ConeccionDB->starConnect() ; mensaje=>coneccion realizada....
[07-May-2020 07:03:37 Europe/Berlin] info=>RexpressDao ; mensaje=>numero de resultados0
[07-May-2020 07:03:37 Europe/Berlin] info=>ConeccionDB->closeConnect() ; mensaje=> coneccion cerrada
[07-May-2020 07:03:37 Europe/Berlin] info=>AutentificacionUsuario ; mensaje=> correo no encontrado ; registros devueltos 0
[07-May-2020 07:03:37 Europe/Berlin] Info=> prt_ini_session ; sessiom=>Off;  mesaje=>null
[07-May-2020 07:03:43 Europe/Berlin] Info=> prt_ini_session ; mesaje=>metodo-peticion=post
[07-May-2020 07:03:43 Europe/Berlin] Info=> prt_ini_session ; mesaje=>usuario=d3F3
[07-May-2020 07:03:43 Europe/Berlin] Info=> prt_ini_session ; mesaje=>password=YWFzZGRh
[07-May-2020 07:03:43 Europe/Berlin] Info=> Usuario->Auth_Usuario() ; mesaje=>nombre=d3F3
[07-May-2020 07:03:43 Europe/Berlin] Info=> Usuario->Auth_Usuario() ; mesaje=>password=YWFzZGRh
[07-May-2020 07:03:43 Europe/Berlin] info=>AutentificacionUsuario ; mensaje=>tabla= clientes.usuario
[07-May-2020 07:03:43 Europe/Berlin] info=>AutentificacionUsuario ; mensaje=>SELECT id, nombre, apellido ,correo, activo FROM clientes.usuario WHERE nombre=d3F3AND password='aasdda'
[07-May-2020 07:03:43 Europe/Berlin] info=>ConeccionDB->starConnect() ; mensaje=>coneccion realizada....
[07-May-2020 07:03:43 Europe/Berlin] info=>RexpressDao ; mensaje=>numero de resultados0
[07-May-2020 07:03:43 Europe/Berlin] info=>ConeccionDB->closeConnect() ; mensaje=> coneccion cerrada
[07-May-2020 07:03:43 Europe/Berlin] info=>AutentificacionUsuario ; mensaje=> correo no encontrado ; registros devueltos 0
[07-May-2020 07:03:43 Europe/Berlin] Info=> prt_ini_session ; sessiom=>Off;  mesaje=>null
[07-May-2020 07:04:27 Europe/Berlin] Info=> prt_ini_session ; mesaje=>metodo-peticion=post
[07-May-2020 07:04:27 Europe/Berlin] Info=> prt_ini_session ; mesaje=>usuario=ZWRpc29u
[07-May-2020 07:04:27 Europe/Berlin] Info=> prt_ini_session ; mesaje=>password=YXNkYQ==
[07-May-2020 07:04:27 Europe/Berlin] Info=> Usuario->Auth_Usuario() ; mesaje=>nombre=ZWRpc29u
[07-May-2020 07:04:27 Europe/Berlin] Info=> Usuario->Auth_Usuario() ; mesaje=>password=YXNkYQ==
[07-May-2020 07:04:27 Europe/Berlin] info=>AutentificacionUsuario ; mensaje=>tabla= clientes.usuario
[07-May-2020 07:04:27 Europe/Berlin] info=>AutentificacionUsuario ; mensaje=>SELECT id, nombre, apellido ,correo, activo FROM clientes.usuario WHERE nombre=ZWRpc29uAND password='asda'
[07-May-2020 07:04:27 Europe/Berlin] info=>ConeccionDB->starConnect() ; mensaje=>coneccion realizada....
[07-May-2020 07:04:27 Europe/Berlin] info=>RexpressDao ; mensaje=>numero de resultados0
[07-May-2020 07:04:27 Europe/Berlin] info=>ConeccionDB->closeConnect() ; mensaje=> coneccion cerrada
[07-May-2020 07:04:27 Europe/Berlin] info=>AutentificacionUsuario ; mensaje=> correo no encontrado ; registros devueltos 0
[07-May-2020 07:04:27 Europe/Berlin] Info=> prt_ini_session ; sessiom=>Off;  mesaje=>null
[07-May-2020 07:04:34 Europe/Berlin] Info=> prt_ini_session ; mesaje=>metodo-peticion=post
[07-May-2020 07:04:34 Europe/Berlin] Info=> prt_ini_session ; mesaje=>usuario=ZWRpc29u
[07-May-2020 07:04:34 Europe/Berlin] Info=> prt_ini_session ; mesaje=>password=MTIzNDU=
[07-May-2020 07:04:34 Europe/Berlin] Info=> Usuario->Auth_Usuario() ; mesaje=>nombre=ZWRpc29u
[07-May-2020 07:04:34 Europe/Berlin] Info=> Usuario->Auth_Usuario() ; mesaje=>password=MTIzNDU=
[07-May-2020 07:04:34 Europe/Berlin] info=>AutentificacionUsuario ; mensaje=>tabla= clientes.usuario
[07-May-2020 07:04:34 Europe/Berlin] info=>AutentificacionUsuario ; mensaje=>SELECT id, nombre, apellido ,correo, activo FROM clientes.usuario WHERE nombre=ZWRpc29uAND password='12345'
[07-May-2020 07:04:34 Europe/Berlin] info=>ConeccionDB->starConnect() ; mensaje=>coneccion realizada....
[07-May-2020 07:04:34 Europe/Berlin] info=>RexpressDao ; mensaje=>numero de resultados1
[07-May-2020 07:04:34 Europe/Berlin] info=>ConeccionDB->closeConnect() ; mensaje=> coneccion cerrada
[07-May-2020 07:04:34 Europe/Berlin] info=>AutentificacionUsuario ; mensaje=>correo encontrado ; registros devueltos 1
[07-May-2020 07:04:34 Europe/Berlin] Info=> prt_ini_session ; sessiom=>On;  mesaje=>edison
[07-May-2020 07:04:34 Europe/Berlin] Info=> prt_ini_session ; sessiom=>On;  mesaje=>edison@pruebas.om
[07-May-2020 07:04:34 Europe/Berlin] Info=> prt_ini_session ; sessiom=>On;  mesaje=>si
[07-May-2020 07:04:34 Europe/Berlin] Info=> prt_ini_session ; sessiom=>On;  mesaje=>1
[07-May-2020 07:04:34 Europe/Berlin] Info=> prt_ini_session ; sessiom=>On;  mesaje=>On
[07-May-2020 07:04:38 Europe/Berlin] Info=> prt_dtroy_session ; mesaje=>session destroy ; home=null
[07-May-2020 07:06:45 Europe/Berlin] Info=> prt_ini_session ; mesaje=>metodo-peticion=post
[07-May-2020 07:06:45 Europe/Berlin] Info=> prt_ini_session ; mesaje=>usuario=d3d3dw==
[07-May-2020 07:06:45 Europe/Berlin] Info=> prt_ini_session ; mesaje=>password=YXM=
[07-May-2020 07:06:45 Europe/Berlin] Info=> Usuario->Auth_Usuario() ; mesaje=>nombre=d3d3dw==
[07-May-2020 07:06:45 Europe/Berlin] Info=> Usuario->Auth_Usuario() ; mesaje=>password=YXM=
[07-May-2020 07:06:45 Europe/Berlin] info=>AutentificacionUsuario ; mensaje=>tabla= clientes.usuario
[07-May-2020 07:06:45 Europe/Berlin] info=>AutentificacionUsuario ; mensaje=>SELECT id, nombre, apellido ,correo, activo FROM clientes.usuario WHERE nombre=d3d3dw==AND password='as'
[07-May-2020 07:06:45 Europe/Berlin] info=>ConeccionDB->starConnect() ; mensaje=>coneccion realizada....
[07-May-2020 07:06:45 Europe/Berlin] info=>RexpressDao ; mensaje=>numero de resultados0
[07-May-2020 07:06:45 Europe/Berlin] info=>ConeccionDB->closeConnect() ; mensaje=> coneccion cerrada
[07-May-2020 07:06:45 Europe/Berlin] info=>AutentificacionUsuario ; mensaje=> correo no encontrado ; registros devueltos 0
[07-May-2020 07:06:45 Europe/Berlin] Info=> prt_ini_session ; sessiom=>Off;  mesaje=>null
[07-May-2020 07:07:05 Europe/Berlin] Info=> prt_ini_session ; mesaje=>metodo-peticion=post
[07-May-2020 07:07:05 Europe/Berlin] Info=> prt_ini_session ; mesaje=>usuario=YXNhcw==
[07-May-2020 07:07:05 Europe/Berlin] Info=> prt_ini_session ; mesaje=>password=YXNh
[07-May-2020 07:07:05 Europe/Berlin] Info=> Usuario->Auth_Usuario() ; mesaje=>nombre=YXNhcw==
[07-May-2020 07:07:05 Europe/Berlin] Info=> Usuario->Auth_Usuario() ; mesaje=>password=YXNh
[07-May-2020 07:07:05 Europe/Berlin] info=>AutentificacionUsuario ; mensaje=>tabla= clientes.usuario
[07-May-2020 07:07:05 Europe/Berlin] info=>AutentificacionUsuario ; mensaje=>SELECT id, nombre, apellido ,correo, activo FROM clientes.usuario WHERE nombre=YXNhcw==AND password='asa'
[07-May-2020 07:07:05 Europe/Berlin] info=>ConeccionDB->starConnect() ; mensaje=>coneccion realizada....
[07-May-2020 07:07:05 Europe/Berlin] info=>RexpressDao ; mensaje=>numero de resultados0
[07-May-2020 07:07:05 Europe/Berlin] info=>ConeccionDB->closeConnect() ; mensaje=> coneccion cerrada
[07-May-2020 07:07:05 Europe/Berlin] info=>AutentificacionUsuario ; mensaje=> correo no encontrado ; registros devueltos 0
[07-May-2020 07:07:05 Europe/Berlin] Info=> prt_ini_session ; sessiom=>Off;  mesaje=>null
[07-May-2020 07:26:33 Europe/Berlin] Info=> prt_ini_session ; mesaje=>metodo-peticion=post
[07-May-2020 07:26:33 Europe/Berlin] Info=> prt_ini_session ; mesaje=>usuario=ZWRpc29u
[07-May-2020 07:26:33 Europe/Berlin] Info=> prt_ini_session ; mesaje=>password=c2E=
[07-May-2020 07:26:33 Europe/Berlin] Info=> Usuario->Auth_Usuario() ; mesaje=>nombre=ZWRpc29u
[07-May-2020 07:26:33 Europe/Berlin] Info=> Usuario->Auth_Usuario() ; mesaje=>password=c2E=
[07-May-2020 07:26:33 Europe/Berlin] info=>AutentificacionUsuario ; mensaje=>tabla= clientes.usuario
[07-May-2020 07:26:33 Europe/Berlin] info=>AutentificacionUsuario ; mensaje=>SELECT id, nombre, apellido ,correo, activo FROM clientes.usuario WHERE nombre=ZWRpc29uAND password='sa'
[07-May-2020 07:26:33 Europe/Berlin] info=>ConeccionDB->starConnect() ; mensaje=>coneccion realizada....
[07-May-2020 07:26:33 Europe/Berlin] info=>RexpressDao ; mensaje=>numero de resultados0
[07-May-2020 07:26:33 Europe/Berlin] info=>ConeccionDB->closeConnect() ; mensaje=> coneccion cerrada
[07-May-2020 07:26:33 Europe/Berlin] info=>AutentificacionUsuario ; mensaje=> correo no encontrado ; registros devueltos 0
[07-May-2020 07:26:33 Europe/Berlin] Info=> prt_ini_session ; sessiom=>Off;  mesaje=>null
[07-May-2020 07:26:53 Europe/Berlin] Info=> prt_ini_session ; mesaje=>metodo-peticion=post
[07-May-2020 07:26:53 Europe/Berlin] Info=> prt_ini_session ; mesaje=>usuario=U1NB
[07-May-2020 07:26:53 Europe/Berlin] Info=> prt_ini_session ; mesaje=>password=QVNBQVM=
[07-May-2020 07:26:53 Europe/Berlin] Info=> Usuario->Auth_Usuario() ; mesaje=>nombre=U1NB
[07-May-2020 07:26:53 Europe/Berlin] Info=> Usuario->Auth_Usuario() ; mesaje=>password=QVNBQVM=
[07-May-2020 07:26:53 Europe/Berlin] info=>AutentificacionUsuario ; mensaje=>tabla= clientes.usuario
[07-May-2020 07:26:53 Europe/Berlin] info=>AutentificacionUsuario ; mensaje=>SELECT id, nombre, apellido ,correo, activo FROM clientes.usuario WHERE nombre=U1NBAND password='ASAAS'
[07-May-2020 07:26:53 Europe/Berlin] info=>ConeccionDB->starConnect() ; mensaje=>coneccion realizada....
[07-May-2020 07:26:53 Europe/Berlin] info=>RexpressDao ; mensaje=>numero de resultados0
[07-May-2020 07:26:53 Europe/Berlin] info=>ConeccionDB->closeConnect() ; mensaje=> coneccion cerrada
[07-May-2020 07:26:53 Europe/Berlin] info=>AutentificacionUsuario ; mensaje=> correo no encontrado ; registros devueltos 0
[07-May-2020 07:26:53 Europe/Berlin] Info=> prt_ini_session ; sessiom=>Off;  mesaje=>null
[07-May-2020 07:27:29 Europe/Berlin] Info=> prt_ini_session ; mesaje=>metodo-peticion=post
[07-May-2020 07:27:29 Europe/Berlin] Info=> prt_ini_session ; mesaje=>usuario=ZWRpc29u
[07-May-2020 07:27:29 Europe/Berlin] Info=> prt_ini_session ; mesaje=>password=MTIzNDU=
[07-May-2020 07:27:29 Europe/Berlin] Info=> Usuario->Auth_Usuario() ; mesaje=>nombre=ZWRpc29u
[07-May-2020 07:27:29 Europe/Berlin] Info=> Usuario->Auth_Usuario() ; mesaje=>password=MTIzNDU=
[07-May-2020 07:27:29 Europe/Berlin] info=>AutentificacionUsuario ; mensaje=>tabla= clientes.usuario
[07-May-2020 07:27:29 Europe/Berlin] info=>AutentificacionUsuario ; mensaje=>SELECT id, nombre, apellido ,correo, activo FROM clientes.usuario WHERE nombre=ZWRpc29uAND password='12345'
[07-May-2020 07:27:29 Europe/Berlin] info=>ConeccionDB->starConnect() ; mensaje=>coneccion realizada....
[07-May-2020 07:27:29 Europe/Berlin] info=>RexpressDao ; mensaje=>numero de resultados1
[07-May-2020 07:27:29 Europe/Berlin] info=>ConeccionDB->closeConnect() ; mensaje=> coneccion cerrada
[07-May-2020 07:27:29 Europe/Berlin] info=>AutentificacionUsuario ; mensaje=>correo encontrado ; registros devueltos 1
[07-May-2020 07:27:29 Europe/Berlin] Info=> prt_ini_session ; sessiom=>On;  mesaje=>edison
[07-May-2020 07:27:29 Europe/Berlin] Info=> prt_ini_session ; sessiom=>On;  mesaje=>edison@pruebas.om
[07-May-2020 07:27:29 Europe/Berlin] Info=> prt_ini_session ; sessiom=>On;  mesaje=>si
[07-May-2020 07:27:29 Europe/Berlin] Info=> prt_ini_session ; sessiom=>On;  mesaje=>1
[07-May-2020 07:27:29 Europe/Berlin] Info=> prt_ini_session ; sessiom=>On;  mesaje=>On
[07-May-2020 07:27:33 Europe/Berlin] Info=> prt_dtroy_session ; mesaje=>session destroy ; home=null
[07-May-2020 07:30:41 Europe/Berlin] Info=> prt_ini_session ; mesaje=>metodo-peticion=post
[07-May-2020 07:30:41 Europe/Berlin] Info=> prt_ini_session ; mesaje=>usuario=ZWRpc29u
[07-May-2020 07:30:41 Europe/Berlin] Info=> prt_ini_session ; mesaje=>password=MTIzNDU=
[07-May-2020 07:30:41 Europe/Berlin] Info=> Usuario->Auth_Usuario() ; mesaje=>nombre=ZWRpc29u
[07-May-2020 07:30:41 Europe/Berlin] Info=> Usuario->Auth_Usuario() ; mesaje=>password=MTIzNDU=
[07-May-2020 07:30:41 Europe/Berlin] info=>AutentificacionUsuario ; mensaje=>tabla= clientes.usuario
[07-May-2020 07:30:41 Europe/Berlin] info=>AutentificacionUsuario ; mensaje=>SELECT id, nombre, apellido ,correo, activo FROM clientes.usuario WHERE nombre=ZWRpc29uAND password='12345'
[07-May-2020 07:30:41 Europe/Berlin] info=>ConeccionDB->starConnect() ; mensaje=>coneccion realizada....
[07-May-2020 07:30:41 Europe/Berlin] info=>RexpressDao ; mensaje=>numero de resultados1
[07-May-2020 07:30:41 Europe/Berlin] info=>ConeccionDB->closeConnect() ; mensaje=> coneccion cerrada
[07-May-2020 07:30:41 Europe/Berlin] info=>AutentificacionUsuario ; mensaje=>correo encontrado ; registros devueltos 1
[07-May-2020 07:30:41 Europe/Berlin] Info=> prt_ini_session ; sessiom=>On;  mesaje=>edison
[07-May-2020 07:30:41 Europe/Berlin] Info=> prt_ini_session ; sessiom=>On;  mesaje=>edison@pruebas.om
[07-May-2020 07:30:41 Europe/Berlin] Info=> prt_ini_session ; sessiom=>On;  mesaje=>si
[07-May-2020 07:30:41 Europe/Berlin] Info=> prt_ini_session ; sessiom=>On;  mesaje=>1
[07-May-2020 07:30:41 Europe/Berlin] Info=> prt_ini_session ; sessiom=>On;  mesaje=>On
[07-May-2020 07:30:46 Europe/Berlin] Info=> prt_dtroy_session ; mesaje=>session destroy ; home=null
[07-May-2020 07:45:29 Europe/Berlin] Info=> prt_ini_session ; mesaje=>metodo-peticion=post
[07-May-2020 07:45:29 Europe/Berlin] Info=> prt_ini_session ; mesaje=>usuario=ZWRpc29u
[07-May-2020 07:45:29 Europe/Berlin] Info=> prt_ini_session ; mesaje=>password=MTIzNDU=
[07-May-2020 07:45:29 Europe/Berlin] Info=> Usuario->Auth_Usuario() ; mesaje=>nombre=ZWRpc29u
[07-May-2020 07:45:29 Europe/Berlin] Info=> Usuario->Auth_Usuario() ; mesaje=>password=MTIzNDU=
[07-May-2020 07:45:29 Europe/Berlin] info=>AutentificacionUsuario ; mensaje=>tabla= clientes.usuario
[07-May-2020 07:45:29 Europe/Berlin] info=>AutentificacionUsuario ; mensaje=>SELECT id, nombre, apellido ,correo, activo FROM clientes.usuario WHERE nombre=ZWRpc29uAND password='12345'
[07-May-2020 07:45:29 Europe/Berlin] info=>ConeccionDB->starConnect() ; mensaje=>coneccion realizada....
[07-May-2020 07:45:29 Europe/Berlin] info=>RexpressDao ; mensaje=>numero de resultados1
[07-May-2020 07:45:29 Europe/Berlin] info=>ConeccionDB->closeConnect() ; mensaje=> coneccion cerrada
[07-May-2020 07:45:29 Europe/Berlin] info=>AutentificacionUsuario ; mensaje=>correo encontrado ; registros devueltos 1
[07-May-2020 07:45:29 Europe/Berlin] Info=> prt_ini_session ; sessiom=>On;  mesaje=>edison
[07-May-2020 07:45:29 Europe/Berlin] Info=> prt_ini_session ; sessiom=>On;  mesaje=>edison@pruebas.om
[07-May-2020 07:45:29 Europe/Berlin] Info=> prt_ini_session ; sessiom=>On;  mesaje=>si
[07-May-2020 07:45:29 Europe/Berlin] Info=> prt_ini_session ; sessiom=>On;  mesaje=>1
[07-May-2020 07:45:29 Europe/Berlin] Info=> prt_ini_session ; sessiom=>On;  mesaje=>On
[07-May-2020 07:49:17 Europe/Berlin] Info=> prt_dtroy_session ; mesaje=>session destroy ; home=null
[07-May-2020 07:49:29 Europe/Berlin] Info=> prt_ini_session ; mesaje=>metodo-peticion=post
[07-May-2020 07:49:29 Europe/Berlin] Info=> prt_ini_session ; mesaje=>usuario=ZWRpc29u
[07-May-2020 07:49:29 Europe/Berlin] Info=> prt_ini_session ; mesaje=>password=MTIzNDU=
[07-May-2020 07:49:29 Europe/Berlin] Info=> Usuario->Auth_Usuario() ; mesaje=>nombre=ZWRpc29u
[07-May-2020 07:49:29 Europe/Berlin] Info=> Usuario->Auth_Usuario() ; mesaje=>password=MTIzNDU=
[07-May-2020 07:49:29 Europe/Berlin] info=>AutentificacionUsuario ; mensaje=>tabla= clientes.usuario
[07-May-2020 07:49:29 Europe/Berlin] info=>AutentificacionUsuario ; mensaje=>SELECT id, nombre, apellido ,correo, activo FROM clientes.usuario WHERE nombre=ZWRpc29uAND password='12345'
[07-May-2020 07:49:29 Europe/Berlin] info=>ConeccionDB->starConnect() ; mensaje=>coneccion realizada....
[07-May-2020 07:49:29 Europe/Berlin] info=>RexpressDao ; mensaje=>numero de resultados1
[07-May-2020 07:49:29 Europe/Berlin] info=>ConeccionDB->closeConnect() ; mensaje=> coneccion cerrada
[07-May-2020 07:49:29 Europe/Berlin] info=>AutentificacionUsuario ; mensaje=>correo encontrado ; registros devueltos 1
[07-May-2020 07:49:29 Europe/Berlin] Info=> prt_ini_session ; sessiom=>On;  mesaje=>edison
[07-May-2020 07:49:29 Europe/Berlin] Info=> prt_ini_session ; sessiom=>On;  mesaje=>edison@pruebas.om
[07-May-2020 07:49:29 Europe/Berlin] Info=> prt_ini_session ; sessiom=>On;  mesaje=>si
[07-May-2020 07:49:29 Europe/Berlin] Info=> prt_ini_session ; sessiom=>On;  mesaje=>1
[07-May-2020 07:49:29 Europe/Berlin] Info=> prt_ini_session ; sessiom=>On;  mesaje=>On
[07-May-2020 07:50:08 Europe/Berlin] Info=> prt_dtroy_session ; mesaje=>session destroy ; home=null
[07-May-2020 07:53:16 Europe/Berlin] Info=> prt_ini_session ; mesaje=>metodo-peticion=post
[07-May-2020 07:53:16 Europe/Berlin] Info=> prt_ini_session ; mesaje=>usuario=ZWRpc29u
[07-May-2020 07:53:16 Europe/Berlin] Info=> prt_ini_session ; mesaje=>password=MTIzNDU=
[07-May-2020 07:53:16 Europe/Berlin] Info=> Usuario->Auth_Usuario() ; mesaje=>nombre=ZWRpc29u
[07-May-2020 07:53:16 Europe/Berlin] Info=> Usuario->Auth_Usuario() ; mesaje=>password=MTIzNDU=
[07-May-2020 07:53:16 Europe/Berlin] info=>AutentificacionUsuario ; mensaje=>tabla= clientes.usuario
[07-May-2020 07:53:16 Europe/Berlin] info=>AutentificacionUsuario ; mensaje=>SELECT id, nombre, apellido ,correo, activo FROM clientes.usuario WHERE nombre=ZWRpc29uAND password='12345'
[07-May-2020 07:53:16 Europe/Berlin] info=>ConeccionDB->starConnect() ; mensaje=>coneccion realizada....
[07-May-2020 07:53:16 Europe/Berlin] info=>RexpressDao ; mensaje=>numero de resultados1
[07-May-2020 07:53:16 Europe/Berlin] info=>ConeccionDB->closeConnect() ; mensaje=> coneccion cerrada
[07-May-2020 07:53:16 Europe/Berlin] info=>AutentificacionUsuario ; mensaje=>correo encontrado ; registros devueltos 1
[07-May-2020 07:53:16 Europe/Berlin] Info=> prt_ini_session ; sessiom=>On;  mesaje=>edison
[07-May-2020 07:53:16 Europe/Berlin] Info=> prt_ini_session ; sessiom=>On;  mesaje=>edison@pruebas.om
[07-May-2020 07:53:16 Europe/Berlin] Info=> prt_ini_session ; sessiom=>On;  mesaje=>si
[07-May-2020 07:53:16 Europe/Berlin] Info=> prt_ini_session ; sessiom=>On;  mesaje=>1
[07-May-2020 07:53:16 Europe/Berlin] Info=> prt_ini_session ; sessiom=>On;  mesaje=>On
[07-May-2020 07:56:37 Europe/Berlin] Info=> prt_dtroy_session ; mesaje=>session destroy ; home=null
[07-May-2020 08:00:50 Europe/Berlin] Info=> prt_ini_session ; mesaje=>metodo-peticion=post
[07-May-2020 08:00:50 Europe/Berlin] Info=> prt_ini_session ; mesaje=>usuario=ZWRpc29u
[07-May-2020 08:00:50 Europe/Berlin] Info=> prt_ini_session ; mesaje=>password=MTIzNDU=
[07-May-2020 08:00:50 Europe/Berlin] Info=> Usuario->Auth_Usuario() ; mesaje=>nombre=ZWRpc29u
[07-May-2020 08:00:50 Europe/Berlin] Info=> Usuario->Auth_Usuario() ; mesaje=>password=MTIzNDU=
[07-May-2020 08:00:50 Europe/Berlin] info=>AutentificacionUsuario ; mensaje=>tabla= clientes.usuario
[07-May-2020 08:00:50 Europe/Berlin] info=>AutentificacionUsuario ; mensaje=>SELECT id, nombre, apellido ,correo, activo FROM clientes.usuario WHERE nombre=ZWRpc29uAND password='12345'
[07-May-2020 08:00:50 Europe/Berlin] info=>ConeccionDB->starConnect() ; mensaje=>coneccion realizada....
[07-May-2020 08:00:50 Europe/Berlin] info=>RexpressDao ; mensaje=>numero de resultados1
[07-May-2020 08:00:50 Europe/Berlin] info=>ConeccionDB->closeConnect() ; mensaje=> coneccion cerrada
[07-May-2020 08:00:50 Europe/Berlin] info=>AutentificacionUsuario ; mensaje=>correo encontrado ; registros devueltos 1
[07-May-2020 08:00:50 Europe/Berlin] Info=> prt_ini_session ; sessiom=>On;  mesaje=>edison
[07-May-2020 08:00:50 Europe/Berlin] Info=> prt_ini_session ; sessiom=>On;  mesaje=>edison@pruebas.om
[07-May-2020 08:00:50 Europe/Berlin] Info=> prt_ini_session ; sessiom=>On;  mesaje=>si
[07-May-2020 08:00:50 Europe/Berlin] Info=> prt_ini_session ; sessiom=>On;  mesaje=>1
[07-May-2020 08:00:50 Europe/Berlin] Info=> prt_ini_session ; sessiom=>On;  mesaje=>On
[07-May-2020 08:09:55 Europe/Berlin] Info=> prt_dtroy_session ; mesaje=>session destroy ; home=null
[07-May-2020 08:10:12 Europe/Berlin] Info=> prt_ini_session ; mesaje=>metodo-peticion=post
[07-May-2020 08:10:12 Europe/Berlin] Info=> prt_ini_session ; mesaje=>usuario=ZWRpc29u
[07-May-2020 08:10:12 Europe/Berlin] Info=> prt_ini_session ; mesaje=>password=MTIzNDU=
[07-May-2020 08:10:12 Europe/Berlin] Info=> Usuario->Auth_Usuario() ; mesaje=>nombre=ZWRpc29u
[07-May-2020 08:10:12 Europe/Berlin] Info=> Usuario->Auth_Usuario() ; mesaje=>password=MTIzNDU=
[07-May-2020 08:10:12 Europe/Berlin] info=>AutentificacionUsuario ; mensaje=>tabla= clientes.usuario
[07-May-2020 08:10:12 Europe/Berlin] info=>AutentificacionUsuario ; mensaje=>SELECT id, nombre, apellido ,correo, activo FROM clientes.usuario WHERE nombre=ZWRpc29uAND password='12345'
[07-May-2020 08:10:12 Europe/Berlin] info=>ConeccionDB->starConnect() ; mensaje=>coneccion realizada....
[07-May-2020 08:10:12 Europe/Berlin] info=>RexpressDao ; mensaje=>numero de resultados1
[07-May-2020 08:10:12 Europe/Berlin] info=>ConeccionDB->closeConnect() ; mensaje=> coneccion cerrada
[07-May-2020 08:10:12 Europe/Berlin] info=>AutentificacionUsuario ; mensaje=>correo encontrado ; registros devueltos 1
[07-May-2020 08:10:12 Europe/Berlin] Info=> prt_ini_session ; sessiom=>On;  mesaje=>edison
[07-May-2020 08:10:12 Europe/Berlin] Info=> prt_ini_session ; sessiom=>On;  mesaje=>edison@pruebas.om
[07-May-2020 08:10:12 Europe/Berlin] Info=> prt_ini_session ; sessiom=>On;  mesaje=>si
[07-May-2020 08:10:12 Europe/Berlin] Info=> prt_ini_session ; sessiom=>On;  mesaje=>1
[07-May-2020 08:10:12 Europe/Berlin] Info=> prt_ini_session ; sessiom=>On;  mesaje=>On
[07-May-2020 08:13:13 Europe/Berlin] Info=> prt_dtroy_session ; mesaje=>session destroy ; home=null
[07-May-2020 08:13:22 Europe/Berlin] Info=> prt_ini_session ; mesaje=>metodo-peticion=post
[07-May-2020 08:13:22 Europe/Berlin] Info=> prt_ini_session ; mesaje=>usuario=ZWRpc29u
[07-May-2020 08:13:22 Europe/Berlin] Info=> prt_ini_session ; mesaje=>password=MTIzNDU=
[07-May-2020 08:13:22 Europe/Berlin] Info=> Usuario->Auth_Usuario() ; mesaje=>nombre=ZWRpc29u
[07-May-2020 08:13:22 Europe/Berlin] Info=> Usuario->Auth_Usuario() ; mesaje=>password=MTIzNDU=
[07-May-2020 08:13:22 Europe/Berlin] info=>AutentificacionUsuario ; mensaje=>tabla= clientes.usuario
[07-May-2020 08:13:22 Europe/Berlin] info=>AutentificacionUsuario ; mensaje=>SELECT id, nombre, apellido ,correo, activo FROM clientes.usuario WHERE nombre=ZWRpc29uAND password='12345'
[07-May-2020 08:13:22 Europe/Berlin] info=>ConeccionDB->starConnect() ; mensaje=>coneccion realizada....
[07-May-2020 08:13:22 Europe/Berlin] info=>RexpressDao ; mensaje=>numero de resultados1
[07-May-2020 08:13:22 Europe/Berlin] info=>ConeccionDB->closeConnect() ; mensaje=> coneccion cerrada
[07-May-2020 08:13:22 Europe/Berlin] info=>AutentificacionUsuario ; mensaje=>correo encontrado ; registros devueltos 1
[07-May-2020 08:13:22 Europe/Berlin] Info=> prt_ini_session ; sessiom=>On;  mesaje=>edison
[07-May-2020 08:13:22 Europe/Berlin] Info=> prt_ini_session ; sessiom=>On;  mesaje=>edison@pruebas.om
[07-May-2020 08:13:22 Europe/Berlin] Info=> prt_ini_session ; sessiom=>On;  mesaje=>si
[07-May-2020 08:13:22 Europe/Berlin] Info=> prt_ini_session ; sessiom=>On;  mesaje=>1
[07-May-2020 08:13:22 Europe/Berlin] Info=> prt_ini_session ; sessiom=>On;  mesaje=>On
[07-May-2020 08:14:26 Europe/Berlin] Info=> prt_dtroy_session ; mesaje=>session destroy ; home=null
[07-May-2020 08:15:14 Europe/Berlin] Info=> prt_ini_session ; mesaje=>metodo-peticion=post
[07-May-2020 08:15:14 Europe/Berlin] Info=> prt_ini_session ; mesaje=>usuario=ZWRpc29u
[07-May-2020 08:15:14 Europe/Berlin] Info=> prt_ini_session ; mesaje=>password=MTIzNDU=
[07-May-2020 08:15:14 Europe/Berlin] Info=> Usuario->Auth_Usuario() ; mesaje=>nombre=ZWRpc29u
[07-May-2020 08:15:14 Europe/Berlin] Info=> Usuario->Auth_Usuario() ; mesaje=>password=MTIzNDU=
[07-May-2020 08:15:14 Europe/Berlin] info=>AutentificacionUsuario ; mensaje=>tabla= clientes.usuario
[07-May-2020 08:15:14 Europe/Berlin] info=>AutentificacionUsuario ; mensaje=>SELECT id, nombre, apellido ,correo, activo FROM clientes.usuario WHERE nombre=ZWRpc29uAND password='12345'
[07-May-2020 08:15:14 Europe/Berlin] info=>ConeccionDB->starConnect() ; mensaje=>coneccion realizada....
[07-May-2020 08:15:14 Europe/Berlin] info=>RexpressDao ; mensaje=>numero de resultados1
[07-May-2020 08:15:14 Europe/Berlin] info=>ConeccionDB->closeConnect() ; mensaje=> coneccion cerrada
[07-May-2020 08:15:14 Europe/Berlin] info=>AutentificacionUsuario ; mensaje=>correo encontrado ; registros devueltos 1
[07-May-2020 08:15:14 Europe/Berlin] Info=> prt_ini_session ; sessiom=>On;  mesaje=>edison
[07-May-2020 08:15:14 Europe/Berlin] Info=> prt_ini_session ; sessiom=>On;  mesaje=>edison@pruebas.om
[07-May-2020 08:15:14 Europe/Berlin] Info=> prt_ini_session ; sessiom=>On;  mesaje=>si
[07-May-2020 08:15:14 Europe/Berlin] Info=> prt_ini_session ; sessiom=>On;  mesaje=>1
[07-May-2020 08:15:14 Europe/Berlin] Info=> prt_ini_session ; sessiom=>On;  mesaje=>On
[07-May-2020 08:16:08 Europe/Berlin] Info=> prt_ini_session ; mesaje=>metodo-peticion=get
[07-May-2020 08:16:08 Europe/Berlin] Info=> prt_ini_session ; mesaje=>url-accedida=http://dev.rexp.com:90/Rexpress/pr_ini_session.php
[07-May-2020 08:16:08 Europe/Berlin] Info=> prt_ini_session ; mesaje=>Host-peticion=fort-Resxpress
[07-May-2020 08:18:42 Europe/Berlin] Info=> prt_ini_session ; mesaje=>metodo-peticion=get
[07-May-2020 08:18:42 Europe/Berlin] Info=> prt_ini_session ; mesaje=>url-accedida=http://dev.rexp.com:90/Rexpress/pr_ini_session.php
[07-May-2020 08:18:42 Europe/Berlin] Info=> prt_ini_session ; mesaje=>Host-peticion=fort-Resxpress
[07-May-2020 08:18:58 Europe/Berlin] Info=> prt_ini_session ; mesaje=>metodo-peticion=get
[07-May-2020 08:18:58 Europe/Berlin] Info=> prt_ini_session ; mesaje=>url-accedida=http://dev.rexp.com:90/Rexpress/pr_ini_session.php
[07-May-2020 08:18:58 Europe/Berlin] Info=> prt_ini_session ; mesaje=>Host-peticion=fort-Resxpress
[07-May-2020 08:19:14 Europe/Berlin] Info=> prt_ini_session ; mesaje=>metodo-peticion=get
[07-May-2020 08:19:14 Europe/Berlin] Info=> prt_ini_session ; mesaje=>url-accedida=http://dev.rexp.com:90/Rexpress/pr_ini_session.php
[07-May-2020 08:19:14 Europe/Berlin] Info=> prt_ini_session ; mesaje=>Host-peticion=fort-Resxpress
[07-May-2020 08:19:54 Europe/Berlin] Info=> prt_ini_session ; mesaje=>metodo-peticion=get
[07-May-2020 08:19:54 Europe/Berlin] Info=> prt_ini_session ; mesaje=>url-accedida=http://dev.rexp.com:90/Rexpress/pr_ini_session.php
[07-May-2020 08:19:54 Europe/Berlin] Info=> prt_ini_session ; mesaje=>Host-peticion=fort-Resxpress
[07-May-2020 08:19:57 Europe/Berlin] Info=> prt_ini_session ; mesaje=>metodo-peticion=get
[07-May-2020 08:19:57 Europe/Berlin] Info=> prt_ini_session ; mesaje=>url-accedida=http://dev.rexp.com:90/Rexpress/pr_ini_session.php
[07-May-2020 08:19:57 Europe/Berlin] Info=> prt_ini_session ; mesaje=>Host-peticion=fort-Resxpress
[07-May-2020 08:20:07 Europe/Berlin] Info=> prt_ini_session ; mesaje=>metodo-peticion=get
[07-May-2020 08:20:07 Europe/Berlin] Info=> prt_ini_session ; mesaje=>url-accedida=http://dev.rexp.com:90/Rexpress/pr_ini_session.php
[07-May-2020 08:20:07 Europe/Berlin] Info=> prt_ini_session ; mesaje=>Host-peticion=fort-Resxpress
[07-May-2020 08:20:51 Europe/Berlin] Info=> prt_ini_session ; mesaje=>metodo-peticion=get
[07-May-2020 08:20:51 Europe/Berlin] Info=> prt_ini_session ; mesaje=>url-accedida=http://dev.rexp.com:90/Rexpress/pr_ini_session.php
[07-May-2020 08:20:51 Europe/Berlin] Info=> prt_ini_session ; mesaje=>Host-peticion=fort-Resxpress
[07-May-2020 08:21:24 Europe/Berlin] Info=> prt_ini_session ; mesaje=>metodo-peticion=get
[07-May-2020 08:21:24 Europe/Berlin] Info=> prt_ini_session ; mesaje=>url-accedida=http://dev.rexp.com:90/Rexpress/pr_ini_session.php
[07-May-2020 08:21:24 Europe/Berlin] Info=> prt_ini_session ; mesaje=>Host-peticion=fort-Resxpress
[07-May-2020 08:21:53 Europe/Berlin] Info=> prt_ini_session ; mesaje=>metodo-peticion=get
[07-May-2020 08:21:53 Europe/Berlin] Info=> prt_ini_session ; mesaje=>url-accedida=http://dev.rexp.com:90/Rexpress/pr_ini_session.php
[07-May-2020 08:21:53 Europe/Berlin] Info=> prt_ini_session ; mesaje=>Host-peticion=fort-Resxpress
[07-May-2020 08:22:27 Europe/Berlin] Info=> prt_ini_session ; mesaje=>metodo-peticion=get
[07-May-2020 08:22:27 Europe/Berlin] Info=> prt_ini_session ; mesaje=>url-accedida=http://dev.rexp.com:90/Rexpress/pr_ini_session.php
[07-May-2020 08:22:27 Europe/Berlin] Info=> prt_ini_session ; mesaje=>Host-peticion=fort-Resxpress
[07-May-2020 08:22:58 Europe/Berlin] Info=> prt_ini_session ; mesaje=>metodo-peticion=get
[07-May-2020 08:22:58 Europe/Berlin] Info=> prt_ini_session ; mesaje=>url-accedida=http://dev.rexp.com:90/Rexpress/pr_ini_session.php
[07-May-2020 08:22:58 Europe/Berlin] Info=> prt_ini_session ; mesaje=>Host-peticion=fort-Resxpress
[07-May-2020 08:24:37 Europe/Berlin] Info=> prt_ini_session ; mesaje=>metodo-peticion=get
[07-May-2020 08:24:37 Europe/Berlin] Info=> prt_ini_session ; mesaje=>url-accedida=http://dev.rexp.com:90/Rexpress/pr_ini_session.php
[07-May-2020 08:24:37 Europe/Berlin] Info=> prt_ini_session ; mesaje=>Host-peticion=fort-Resxpress
[07-May-2020 08:27:04 Europe/Berlin] Info=> prt_dtroy_session ; mesaje=>session destroy ; home=null
[07-May-2020 08:27:11 Europe/Berlin] Info=> prt_ini_session ; mesaje=>metodo-peticion=post
[07-May-2020 08:27:11 Europe/Berlin] Info=> prt_ini_session ; mesaje=>usuario=ZWRpc29u
[07-May-2020 08:27:11 Europe/Berlin] Info=> prt_ini_session ; mesaje=>password=MTIzNDU=
[07-May-2020 08:27:11 Europe/Berlin] Info=> Usuario->Auth_Usuario() ; mesaje=>nombre=ZWRpc29u
[07-May-2020 08:27:11 Europe/Berlin] Info=> Usuario->Auth_Usuario() ; mesaje=>password=MTIzNDU=
[07-May-2020 08:27:11 Europe/Berlin] info=>AutentificacionUsuario ; mensaje=>tabla= clientes.usuario
[07-May-2020 08:27:11 Europe/Berlin] info=>AutentificacionUsuario ; mensaje=>SELECT id, nombre, apellido ,correo, activo FROM clientes.usuario WHERE nombre=ZWRpc29uAND password='12345'
[07-May-2020 08:27:11 Europe/Berlin] info=>ConeccionDB->starConnect() ; mensaje=>coneccion realizada....
[07-May-2020 08:27:11 Europe/Berlin] info=>RexpressDao ; mensaje=>numero de resultados1
[07-May-2020 08:27:11 Europe/Berlin] info=>ConeccionDB->closeConnect() ; mensaje=> coneccion cerrada
[07-May-2020 08:27:11 Europe/Berlin] info=>AutentificacionUsuario ; mensaje=>correo encontrado ; registros devueltos 1
[07-May-2020 08:27:11 Europe/Berlin] Info=> prt_ini_session ; sessiom=>On;  mesaje=>edison
[07-May-2020 08:27:11 Europe/Berlin] Info=> prt_ini_session ; sessiom=>On;  mesaje=>edison@pruebas.om
[07-May-2020 08:27:11 Europe/Berlin] Info=> prt_ini_session ; sessiom=>On;  mesaje=>si
[07-May-2020 08:27:11 Europe/Berlin] Info=> prt_ini_session ; sessiom=>On;  mesaje=>1
[07-May-2020 08:27:11 Europe/Berlin] Info=> prt_ini_session ; sessiom=>On;  mesaje=>On
[07-May-2020 08:27:42 Europe/Berlin] Info=> prt_dtroy_session ; mesaje=>session destroy ; home=null
[07-May-2020 08:27:49 Europe/Berlin] Info=> prt_ini_session ; mesaje=>metodo-peticion=post
[07-May-2020 08:27:49 Europe/Berlin] Info=> prt_ini_session ; mesaje=>usuario=ZWRpc29u
[07-May-2020 08:27:49 Europe/Berlin] Info=> prt_ini_session ; mesaje=>password=MTIzNDU=
[07-May-2020 08:27:49 Europe/Berlin] Info=> Usuario->Auth_Usuario() ; mesaje=>nombre=ZWRpc29u
[07-May-2020 08:27:49 Europe/Berlin] Info=> Usuario->Auth_Usuario() ; mesaje=>password=MTIzNDU=
[07-May-2020 08:27:49 Europe/Berlin] info=>AutentificacionUsuario ; mensaje=>tabla= clientes.usuario
[07-May-2020 08:27:49 Europe/Berlin] info=>AutentificacionUsuario ; mensaje=>SELECT id, nombre, apellido ,correo, activo FROM clientes.usuario WHERE nombre=ZWRpc29uAND password='12345'
[07-May-2020 08:27:49 Europe/Berlin] info=>ConeccionDB->starConnect() ; mensaje=>coneccion realizada....
[07-May-2020 08:27:49 Europe/Berlin] info=>RexpressDao ; mensaje=>numero de resultados1
[07-May-2020 08:27:49 Europe/Berlin] info=>ConeccionDB->closeConnect() ; mensaje=> coneccion cerrada
[07-May-2020 08:27:49 Europe/Berlin] info=>AutentificacionUsuario ; mensaje=>correo encontrado ; registros devueltos 1
[07-May-2020 08:27:49 Europe/Berlin] Info=> prt_ini_session ; sessiom=>On;  mesaje=>edison
[07-May-2020 08:27:49 Europe/Berlin] Info=> prt_ini_session ; sessiom=>On;  mesaje=>edison@pruebas.om
[07-May-2020 08:27:49 Europe/Berlin] Info=> prt_ini_session ; sessiom=>On;  mesaje=>si
[07-May-2020 08:27:49 Europe/Berlin] Info=> prt_ini_session ; sessiom=>On;  mesaje=>1
[07-May-2020 08:27:49 Europe/Berlin] Info=> prt_ini_session ; sessiom=>On;  mesaje=>On
[07-May-2020 08:28:33 Europe/Berlin] Info=> prt_ini_session ; mesaje=>metodo-peticion=get
[07-May-2020 08:28:33 Europe/Berlin] Info=> prt_ini_session ; mesaje=>url-accedida=http://dev.rexp.com:90/Rexpress/pr_ini_session.php
[07-May-2020 08:28:33 Europe/Berlin] Info=> prt_ini_session ; mesaje=>Host-peticion=fort-Resxpress
[07-May-2020 08:30:07 Europe/Berlin] Info=> prt_dtroy_session ; mesaje=>session destroy ; home=null
[07-May-2020 11:36:29 Europe/Berlin] Info=> prt_ini_session ; mesaje=>metodo-peticion=post
[07-May-2020 11:36:29 Europe/Berlin] Info=> prt_ini_session ; mesaje=>usuario=ZWRpc29u
[07-May-2020 11:36:29 Europe/Berlin] Info=> prt_ini_session ; mesaje=>password=MTIzNDU=
[07-May-2020 11:36:29 Europe/Berlin] Info=> Usuario->Auth_Usuario() ; mesaje=>nombre=ZWRpc29u
[07-May-2020 11:36:29 Europe/Berlin] Info=> Usuario->Auth_Usuario() ; mesaje=>password=MTIzNDU=
[07-May-2020 11:36:29 Europe/Berlin] info=>AutentificacionUsuario ; mensaje=>tabla= clientes.usuario
[07-May-2020 11:36:29 Europe/Berlin] info=>AutentificacionUsuario ; mensaje=>SELECT id, nombre, apellido ,correo, activo FROM clientes.usuario WHERE nombre=ZWRpc29uAND password='12345'
[07-May-2020 11:36:29 Europe/Berlin] info=>ConeccionDB->starConnect() ; mensaje=>coneccion realizada....
[07-May-2020 11:36:29 Europe/Berlin] info=>RexpressDao ; mensaje=>numero de resultados1
[07-May-2020 11:36:29 Europe/Berlin] info=>ConeccionDB->closeConnect() ; mensaje=> coneccion cerrada
[07-May-2020 11:36:29 Europe/Berlin] info=>AutentificacionUsuario ; mensaje=>correo encontrado ; registros devueltos 1
[07-May-2020 11:36:29 Europe/Berlin] Info=> prt_ini_session ; sessiom=>On;  mesaje=>edison
[07-May-2020 11:36:29 Europe/Berlin] Info=> prt_ini_session ; sessiom=>On;  mesaje=>edison@pruebas.om
[07-May-2020 11:36:29 Europe/Berlin] Info=> prt_ini_session ; sessiom=>On;  mesaje=>si
[07-May-2020 11:36:29 Europe/Berlin] Info=> prt_ini_session ; sessiom=>On;  mesaje=>1
[07-May-2020 11:36:29 Europe/Berlin] Info=> prt_ini_session ; sessiom=>On;  mesaje=>On
[07-May-2020 12:50:31 Europe/Berlin] Info=> prt_dtroy_session ; mesaje=>session destroy ; home=null
[07-May-2020 12:52:18 Europe/Berlin] Info=> prt_ini_session ; mesaje=>metodo-peticion=post
[07-May-2020 12:52:18 Europe/Berlin] Info=> prt_ini_session ; mesaje=>usuario=ZWRpc29u
[07-May-2020 12:52:18 Europe/Berlin] Info=> prt_ini_session ; mesaje=>password=MTIzNDU=
[07-May-2020 12:52:19 Europe/Berlin] Info=> Usuario->Auth_Usuario() ; mesaje=>nombre=ZWRpc29u
[07-May-2020 12:52:19 Europe/Berlin] Info=> Usuario->Auth_Usuario() ; mesaje=>password=MTIzNDU=
[07-May-2020 12:52:19 Europe/Berlin] info=>AutentificacionUsuario ; mensaje=>tabla= clientes.usuario
[07-May-2020 12:52:19 Europe/Berlin] info=>AutentificacionUsuario ; mensaje=>SELECT id, nombre, apellido ,correo, activo FROM clientes.usuario WHERE nombre=ZWRpc29uAND password='12345'
[07-May-2020 12:52:19 Europe/Berlin] info=>ConeccionDB->starConnect() ; mensaje=>coneccion realizada....
[07-May-2020 12:52:19 Europe/Berlin] info=>RexpressDao ; mensaje=>numero de resultados1
[07-May-2020 12:52:19 Europe/Berlin] info=>ConeccionDB->closeConnect() ; mensaje=> coneccion cerrada
[07-May-2020 12:52:19 Europe/Berlin] info=>AutentificacionUsuario ; mensaje=>correo encontrado ; registros devueltos 1
[07-May-2020 12:52:19 Europe/Berlin] Info=> prt_ini_session ; sessiom=>On;  mesaje=>edison
[07-May-2020 12:52:19 Europe/Berlin] Info=> prt_ini_session ; sessiom=>On;  mesaje=>edison@pruebas.om
[07-May-2020 12:52:19 Europe/Berlin] Info=> prt_ini_session ; sessiom=>On;  mesaje=>si
[07-May-2020 12:52:19 Europe/Berlin] Info=> prt_ini_session ; sessiom=>On;  mesaje=>1
[07-May-2020 12:52:19 Europe/Berlin] Info=> prt_ini_session ; sessiom=>On;  mesaje=>On
[07-May-2020 13:01:18 Europe/Berlin] Info=> prt_dtroy_session ; mesaje=>session destroy ; home=null
[07-May-2020 13:01:26 Europe/Berlin] Info=> prt_ini_session ; mesaje=>metodo-peticion=post
[07-May-2020 13:01:26 Europe/Berlin] Info=> prt_ini_session ; mesaje=>usuario=ZWRpc29u
[07-May-2020 13:01:26 Europe/Berlin] Info=> prt_ini_session ; mesaje=>password=MTIzNDU=
[07-May-2020 13:01:26 Europe/Berlin] Info=> Usuario->Auth_Usuario() ; mesaje=>nombre=ZWRpc29u
[07-May-2020 13:01:26 Europe/Berlin] Info=> Usuario->Auth_Usuario() ; mesaje=>password=MTIzNDU=
[07-May-2020 13:01:26 Europe/Berlin] info=>AutentificacionUsuario ; mensaje=>tabla= clientes.usuario
[07-May-2020 13:01:26 Europe/Berlin] info=>AutentificacionUsuario ; mensaje=>SELECT id, nombre, apellido ,correo, activo FROM clientes.usuario WHERE nombre=ZWRpc29uAND password='12345'
[07-May-2020 13:01:26 Europe/Berlin] info=>ConeccionDB->starConnect() ; mensaje=>coneccion realizada....
[07-May-2020 13:01:26 Europe/Berlin] info=>RexpressDao ; mensaje=>numero de resultados1
[07-May-2020 13:01:26 Europe/Berlin] info=>ConeccionDB->closeConnect() ; mensaje=> coneccion cerrada
[07-May-2020 13:01:26 Europe/Berlin] info=>AutentificacionUsuario ; mensaje=>correo encontrado ; registros devueltos 1
[07-May-2020 13:01:26 Europe/Berlin] Info=> prt_ini_session ; sessiom=>On;  mesaje=>edison
[07-May-2020 13:01:26 Europe/Berlin] Info=> prt_ini_session ; sessiom=>On;  mesaje=>edison@pruebas.om
[07-May-2020 13:01:26 Europe/Berlin] Info=> prt_ini_session ; sessiom=>On;  mesaje=>si
[07-May-2020 13:01:26 Europe/Berlin] Info=> prt_ini_session ; sessiom=>On;  mesaje=>1
[07-May-2020 13:01:26 Europe/Berlin] Info=> prt_ini_session ; sessiom=>On;  mesaje=>On
[07-May-2020 13:01:33 Europe/Berlin] Info=> prt_ini_session ; mesaje=>metodo-peticion=post
[07-May-2020 13:01:33 Europe/Berlin] Info=> prt_ini_session ; mesaje=>usuario=ZWRpc29u
[07-May-2020 13:01:33 Europe/Berlin] Info=> prt_ini_session ; mesaje=>password=MTIzNDU=
[07-May-2020 13:01:33 Europe/Berlin] Info=> Usuario->Auth_Usuario() ; mesaje=>nombre=ZWRpc29u
[07-May-2020 13:01:33 Europe/Berlin] Info=> Usuario->Auth_Usuario() ; mesaje=>password=MTIzNDU=
[07-May-2020 13:01:33 Europe/Berlin] info=>AutentificacionUsuario ; mensaje=>tabla= clientes.usuario
[07-May-2020 13:01:33 Europe/Berlin] info=>AutentificacionUsuario ; mensaje=>SELECT id, nombre, apellido ,correo, activo FROM clientes.usuario WHERE nombre=ZWRpc29uAND password='12345'
[07-May-2020 13:01:33 Europe/Berlin] info=>ConeccionDB->starConnect() ; mensaje=>coneccion realizada....
[07-May-2020 13:01:33 Europe/Berlin] info=>RexpressDao ; mensaje=>numero de resultados1
[07-May-2020 13:01:33 Europe/Berlin] info=>ConeccionDB->closeConnect() ; mensaje=> coneccion cerrada
[07-May-2020 13:01:33 Europe/Berlin] info=>AutentificacionUsuario ; mensaje=>correo encontrado ; registros devueltos 1
[07-May-2020 13:01:33 Europe/Berlin] Info=> prt_ini_session ; sessiom=>On;  mesaje=>edison
[07-May-2020 13:01:33 Europe/Berlin] Info=> prt_ini_session ; sessiom=>On;  mesaje=>edison@pruebas.om
[07-May-2020 13:01:33 Europe/Berlin] Info=> prt_ini_session ; sessiom=>On;  mesaje=>si
[07-May-2020 13:01:33 Europe/Berlin] Info=> prt_ini_session ; sessiom=>On;  mesaje=>1
[07-May-2020 13:01:33 Europe/Berlin] Info=> prt_ini_session ; sessiom=>On;  mesaje=>On
[07-May-2020 13:01:46 Europe/Berlin] Info=> prt_dtroy_session ; mesaje=>session destroy ; home=null
[07-May-2020 13:02:02 Europe/Berlin] Info=> prt_ini_session ; mesaje=>metodo-peticion=post
[07-May-2020 13:02:02 Europe/Berlin] Info=> prt_ini_session ; mesaje=>usuario=ZWRpc29u
[07-May-2020 13:02:02 Europe/Berlin] Info=> prt_ini_session ; mesaje=>password=MTIzNDU=
[07-May-2020 13:02:02 Europe/Berlin] Info=> Usuario->Auth_Usuario() ; mesaje=>nombre=ZWRpc29u
[07-May-2020 13:02:02 Europe/Berlin] Info=> Usuario->Auth_Usuario() ; mesaje=>password=MTIzNDU=
[07-May-2020 13:02:02 Europe/Berlin] info=>AutentificacionUsuario ; mensaje=>tabla= clientes.usuario
[07-May-2020 13:02:02 Europe/Berlin] info=>AutentificacionUsuario ; mensaje=>SELECT id, nombre, apellido ,correo, activo FROM clientes.usuario WHERE nombre=ZWRpc29uAND password='12345'
[07-May-2020 13:02:02 Europe/Berlin] info=>ConeccionDB->starConnect() ; mensaje=>coneccion realizada....
[07-May-2020 13:02:02 Europe/Berlin] info=>RexpressDao ; mensaje=>numero de resultados1
[07-May-2020 13:02:02 Europe/Berlin] info=>ConeccionDB->closeConnect() ; mensaje=> coneccion cerrada
[07-May-2020 13:02:02 Europe/Berlin] info=>AutentificacionUsuario ; mensaje=>correo encontrado ; registros devueltos 1
[07-May-2020 13:02:02 Europe/Berlin] Info=> prt_ini_session ; sessiom=>On;  mesaje=>edison
[07-May-2020 13:02:02 Europe/Berlin] Info=> prt_ini_session ; sessiom=>On;  mesaje=>edison@pruebas.om
[07-May-2020 13:02:02 Europe/Berlin] Info=> prt_ini_session ; sessiom=>On;  mesaje=>si
[07-May-2020 13:02:02 Europe/Berlin] Info=> prt_ini_session ; sessiom=>On;  mesaje=>1
[07-May-2020 13:02:02 Europe/Berlin] Info=> prt_ini_session ; sessiom=>On;  mesaje=>On
[07-May-2020 13:02:16 Europe/Berlin] Info=> prt_ini_session ; mesaje=>metodo-peticion=post
[07-May-2020 13:02:16 Europe/Berlin] Info=> prt_ini_session ; mesaje=>usuario=ZWRpc29u
[07-May-2020 13:02:16 Europe/Berlin] Info=> prt_ini_session ; mesaje=>password=MTIzNDU=
[07-May-2020 13:02:16 Europe/Berlin] Info=> Usuario->Auth_Usuario() ; mesaje=>nombre=ZWRpc29u
[07-May-2020 13:02:16 Europe/Berlin] Info=> Usuario->Auth_Usuario() ; mesaje=>password=MTIzNDU=
[07-May-2020 13:02:16 Europe/Berlin] info=>AutentificacionUsuario ; mensaje=>tabla= clientes.usuario
[07-May-2020 13:02:16 Europe/Berlin] info=>AutentificacionUsuario ; mensaje=>SELECT id, nombre, apellido ,correo, activo FROM clientes.usuario WHERE nombre=ZWRpc29uAND password='12345'
[07-May-2020 13:02:16 Europe/Berlin] info=>ConeccionDB->starConnect() ; mensaje=>coneccion realizada....
[07-May-2020 13:02:16 Europe/Berlin] info=>RexpressDao ; mensaje=>numero de resultados1
[07-May-2020 13:02:16 Europe/Berlin] info=>ConeccionDB->closeConnect() ; mensaje=> coneccion cerrada
[07-May-2020 13:02:16 Europe/Berlin] info=>AutentificacionUsuario ; mensaje=>correo encontrado ; registros devueltos 1
[07-May-2020 13:02:16 Europe/Berlin] Info=> prt_ini_session ; sessiom=>On;  mesaje=>edison
[07-May-2020 13:02:16 Europe/Berlin] Info=> prt_ini_session ; sessiom=>On;  mesaje=>edison@pruebas.om
[07-May-2020 13:02:16 Europe/Berlin] Info=> prt_ini_session ; sessiom=>On;  mesaje=>si
[07-May-2020 13:02:16 Europe/Berlin] Info=> prt_ini_session ; sessiom=>On;  mesaje=>1
[07-May-2020 13:02:16 Europe/Berlin] Info=> prt_ini_session ; sessiom=>On;  mesaje=>On
[07-May-2020 13:02:20 Europe/Berlin] Info=> prt_ini_session ; mesaje=>metodo-peticion=post
[07-May-2020 13:02:20 Europe/Berlin] Info=> prt_ini_session ; mesaje=>usuario=ZWRpc29u
[07-May-2020 13:02:20 Europe/Berlin] Info=> prt_ini_session ; mesaje=>password=MTIzNDU=
[07-May-2020 13:02:20 Europe/Berlin] Info=> Usuario->Auth_Usuario() ; mesaje=>nombre=ZWRpc29u
[07-May-2020 13:02:20 Europe/Berlin] Info=> Usuario->Auth_Usuario() ; mesaje=>password=MTIzNDU=
[07-May-2020 13:02:20 Europe/Berlin] info=>AutentificacionUsuario ; mensaje=>tabla= clientes.usuario
[07-May-2020 13:02:20 Europe/Berlin] info=>AutentificacionUsuario ; mensaje=>SELECT id, nombre, apellido ,correo, activo FROM clientes.usuario WHERE nombre=ZWRpc29uAND password='12345'
[07-May-2020 13:02:20 Europe/Berlin] info=>ConeccionDB->starConnect() ; mensaje=>coneccion realizada....
[07-May-2020 13:02:20 Europe/Berlin] info=>RexpressDao ; mensaje=>numero de resultados1
[07-May-2020 13:02:20 Europe/Berlin] info=>ConeccionDB->closeConnect() ; mensaje=> coneccion cerrada
[07-May-2020 13:02:20 Europe/Berlin] info=>AutentificacionUsuario ; mensaje=>correo encontrado ; registros devueltos 1
[07-May-2020 13:02:20 Europe/Berlin] Info=> prt_ini_session ; sessiom=>On;  mesaje=>edison
[07-May-2020 13:02:21 Europe/Berlin] Info=> prt_ini_session ; sessiom=>On;  mesaje=>edison@pruebas.om
[07-May-2020 13:02:21 Europe/Berlin] Info=> prt_ini_session ; sessiom=>On;  mesaje=>si
[07-May-2020 13:02:21 Europe/Berlin] Info=> prt_ini_session ; sessiom=>On;  mesaje=>1
[07-May-2020 13:02:21 Europe/Berlin] Info=> prt_ini_session ; sessiom=>On;  mesaje=>On
[07-May-2020 13:03:19 Europe/Berlin] Info=> prt_dtroy_session ; mesaje=>session destroy ; home=null
[07-May-2020 13:03:27 Europe/Berlin] Info=> prt_ini_session ; mesaje=>metodo-peticion=post
[07-May-2020 13:03:27 Europe/Berlin] Info=> prt_ini_session ; mesaje=>usuario=ZWRpc29u
[07-May-2020 13:03:27 Europe/Berlin] Info=> prt_ini_session ; mesaje=>password=MTIzNDU=
[07-May-2020 13:03:27 Europe/Berlin] Info=> Usuario->Auth_Usuario() ; mesaje=>nombre=ZWRpc29u
[07-May-2020 13:03:27 Europe/Berlin] Info=> Usuario->Auth_Usuario() ; mesaje=>password=MTIzNDU=
[07-May-2020 13:03:27 Europe/Berlin] info=>AutentificacionUsuario ; mensaje=>tabla= clientes.usuario
[07-May-2020 13:03:27 Europe/Berlin] info=>AutentificacionUsuario ; mensaje=>SELECT id, nombre, apellido ,correo, activo FROM clientes.usuario WHERE nombre=ZWRpc29uAND password='12345'
[07-May-2020 13:03:27 Europe/Berlin] info=>ConeccionDB->starConnect() ; mensaje=>coneccion realizada....
[07-May-2020 13:03:27 Europe/Berlin] info=>RexpressDao ; mensaje=>numero de resultados1
[07-May-2020 13:03:27 Europe/Berlin] info=>ConeccionDB->closeConnect() ; mensaje=> coneccion cerrada
[07-May-2020 13:03:27 Europe/Berlin] info=>AutentificacionUsuario ; mensaje=>correo encontrado ; registros devueltos 1
[07-May-2020 13:03:27 Europe/Berlin] Info=> prt_ini_session ; sessiom=>On;  mesaje=>edison
[07-May-2020 13:03:27 Europe/Berlin] Info=> prt_ini_session ; sessiom=>On;  mesaje=>edison@pruebas.om
[07-May-2020 13:03:27 Europe/Berlin] Info=> prt_ini_session ; sessiom=>On;  mesaje=>si
[07-May-2020 13:03:27 Europe/Berlin] Info=> prt_ini_session ; sessiom=>On;  mesaje=>1
[07-May-2020 13:03:27 Europe/Berlin] Info=> prt_ini_session ; sessiom=>On;  mesaje=>On
[07-May-2020 13:12:07 Europe/Berlin] Info=> prt_dtroy_session ; mesaje=>session destroy ; home=null
[07-May-2020 13:12:43 Europe/Berlin] Info=> prt_ini_session ; mesaje=>metodo-peticion=post
[07-May-2020 13:12:43 Europe/Berlin] Info=> prt_ini_session ; mesaje=>usuario=ZWRpc29u
[07-May-2020 13:12:43 Europe/Berlin] Info=> prt_ini_session ; mesaje=>password=MTIzNDU=
[07-May-2020 13:12:43 Europe/Berlin] Info=> Usuario->Auth_Usuario() ; mesaje=>nombre=ZWRpc29u
[07-May-2020 13:12:43 Europe/Berlin] Info=> Usuario->Auth_Usuario() ; mesaje=>password=MTIzNDU=
[07-May-2020 13:12:43 Europe/Berlin] info=>AutentificacionUsuario ; mensaje=>tabla= clientes.usuario
[07-May-2020 13:12:43 Europe/Berlin] info=>AutentificacionUsuario ; mensaje=>SELECT id, nombre, apellido ,correo, activo FROM clientes.usuario WHERE nombre=ZWRpc29uAND password='12345'
[07-May-2020 13:12:43 Europe/Berlin] info=>ConeccionDB->starConnect() ; mensaje=>coneccion realizada....
[07-May-2020 13:12:43 Europe/Berlin] info=>RexpressDao ; mensaje=>numero de resultados1
[07-May-2020 13:12:43 Europe/Berlin] info=>ConeccionDB->closeConnect() ; mensaje=> coneccion cerrada
[07-May-2020 13:12:43 Europe/Berlin] info=>AutentificacionUsuario ; mensaje=>correo encontrado ; registros devueltos 1
[07-May-2020 13:12:43 Europe/Berlin] Info=> prt_ini_session ; sessiom=>On;  mesaje=>edison
[07-May-2020 13:12:43 Europe/Berlin] Info=> prt_ini_session ; sessiom=>On;  mesaje=>edison@pruebas.om
[07-May-2020 13:12:43 Europe/Berlin] Info=> prt_ini_session ; sessiom=>On;  mesaje=>si
[07-May-2020 13:12:43 Europe/Berlin] Info=> prt_ini_session ; sessiom=>On;  mesaje=>1
[07-May-2020 13:12:43 Europe/Berlin] Info=> prt_ini_session ; sessiom=>On;  mesaje=>On
[07-May-2020 13:30:02 Europe/Berlin] Info=> prt_dtroy_session ; mesaje=>session destroy ; home=null
[07-May-2020 23:53:41 Europe/Berlin] Info=> prt_ini_session ; mesaje=>metodo-peticion=post
[07-May-2020 23:53:41 Europe/Berlin] Info=> prt_ini_session ; mesaje=>usuario=ZWRpc29u
[07-May-2020 23:53:41 Europe/Berlin] Info=> prt_ini_session ; mesaje=>password=MTIzNDU=
[07-May-2020 23:53:41 Europe/Berlin] Info=> Usuario->Auth_Usuario() ; mesaje=>nombre=ZWRpc29u
[07-May-2020 23:53:41 Europe/Berlin] Info=> Usuario->Auth_Usuario() ; mesaje=>password=MTIzNDU=
[07-May-2020 23:53:41 Europe/Berlin] info=>AutentificacionUsuario ; mensaje=>tabla= clientes.usuario
[07-May-2020 23:53:41 Europe/Berlin] info=>AutentificacionUsuario ; mensaje=>SELECT id, nombre, apellido ,correo, activo FROM clientes.usuario WHERE nombre=ZWRpc29uAND password='12345'
[07-May-2020 23:53:41 Europe/Berlin] info=>ConeccionDB->starConnect() ; mensaje=>coneccion realizada....
[07-May-2020 23:53:41 Europe/Berlin] info=>RexpressDao ; mensaje=>numero de resultados1
[07-May-2020 23:53:41 Europe/Berlin] info=>ConeccionDB->closeConnect() ; mensaje=> coneccion cerrada
[07-May-2020 23:53:41 Europe/Berlin] info=>AutentificacionUsuario ; mensaje=>correo encontrado ; registros devueltos 1
[07-May-2020 23:53:41 Europe/Berlin] Info=> prt_ini_session ; sessiom=>On;  mesaje=>edison
[07-May-2020 23:53:41 Europe/Berlin] Info=> prt_ini_session ; sessiom=>On;  mesaje=>edison@pruebas.om
[07-May-2020 23:53:41 Europe/Berlin] Info=> prt_ini_session ; sessiom=>On;  mesaje=>si
[07-May-2020 23:53:41 Europe/Berlin] Info=> prt_ini_session ; sessiom=>On;  mesaje=>1
[07-May-2020 23:53:41 Europe/Berlin] Info=> prt_ini_session ; sessiom=>On;  mesaje=>On
[08-May-2020 00:03:08 Europe/Berlin] Info=> prt_dtroy_session ; mesaje=>session destroy ; home=null
[08-May-2020 00:03:47 Europe/Berlin] Info=> prt_ini_session ; mesaje=>metodo-peticion=post
[08-May-2020 00:03:47 Europe/Berlin] Info=> prt_ini_session ; mesaje=>usuario=ZWRpc29u
[08-May-2020 00:03:47 Europe/Berlin] Info=> prt_ini_session ; mesaje=>password=MTIzNDU=
[08-May-2020 00:03:47 Europe/Berlin] Info=> Usuario->Auth_Usuario() ; mesaje=>nombre=ZWRpc29u
[08-May-2020 00:03:47 Europe/Berlin] Info=> Usuario->Auth_Usuario() ; mesaje=>password=MTIzNDU=
[08-May-2020 00:03:47 Europe/Berlin] info=>AutentificacionUsuario ; mensaje=>tabla= clientes.usuario
[08-May-2020 00:03:47 Europe/Berlin] info=>AutentificacionUsuario ; mensaje=>SELECT id, nombre, apellido ,correo, activo FROM clientes.usuario WHERE nombre=ZWRpc29uAND password='12345'
[08-May-2020 00:03:47 Europe/Berlin] info=>ConeccionDB->starConnect() ; mensaje=>coneccion realizada....
[08-May-2020 00:03:47 Europe/Berlin] info=>RexpressDao ; mensaje=>numero de resultados1
[08-May-2020 00:03:47 Europe/Berlin] info=>ConeccionDB->closeConnect() ; mensaje=> coneccion cerrada
[08-May-2020 00:03:47 Europe/Berlin] info=>AutentificacionUsuario ; mensaje=>correo encontrado ; registros devueltos 1
[08-May-2020 00:03:47 Europe/Berlin] Info=> prt_ini_session ; sessiom=>On;  mesaje=>edison
[08-May-2020 00:03:47 Europe/Berlin] Info=> prt_ini_session ; sessiom=>On;  mesaje=>edison@pruebas.om
[08-May-2020 00:03:47 Europe/Berlin] Info=> prt_ini_session ; sessiom=>On;  mesaje=>si
[08-May-2020 00:03:47 Europe/Berlin] Info=> prt_ini_session ; sessiom=>On;  mesaje=>1
[08-May-2020 00:03:47 Europe/Berlin] Info=> prt_ini_session ; sessiom=>On;  mesaje=>On
[08-May-2020 02:53:01 Europe/Berlin] Info=> prt_dtroy_session ; mesaje=>session destroy ; home=null
[08-May-2020 02:55:19 Europe/Berlin] Info=> prt_ini_session ; mesaje=>metodo-peticion=post
[08-May-2020 02:55:19 Europe/Berlin] Info=> prt_ini_session ; mesaje=>usuario=ZWRpc29u
[08-May-2020 02:55:19 Europe/Berlin] Info=> prt_ini_session ; mesaje=>password=MTIzNDU=
[08-May-2020 02:55:19 Europe/Berlin] Info=> Usuario->Auth_Usuario() ; mesaje=>nombre=ZWRpc29u
[08-May-2020 02:55:19 Europe/Berlin] Info=> Usuario->Auth_Usuario() ; mesaje=>password=MTIzNDU=
[08-May-2020 02:55:19 Europe/Berlin] info=>AutentificacionUsuario ; mensaje=>tabla= clientes.usuario
[08-May-2020 02:55:19 Europe/Berlin] info=>AutentificacionUsuario ; mensaje=>SELECT id, nombre, apellido ,correo, activo FROM clientes.usuario WHERE nombre=ZWRpc29uAND password='12345'
[08-May-2020 02:55:19 Europe/Berlin] info=>ConeccionDB->starConnect() ; mensaje=>coneccion realizada....
[08-May-2020 02:55:19 Europe/Berlin] info=>RexpressDao ; mensaje=>numero de resultados1
[08-May-2020 02:55:19 Europe/Berlin] info=>ConeccionDB->closeConnect() ; mensaje=> coneccion cerrada
[08-May-2020 02:55:19 Europe/Berlin] info=>AutentificacionUsuario ; mensaje=>correo encontrado ; registros devueltos 1
[08-May-2020 02:55:19 Europe/Berlin] Info=> prt_ini_session ; sessiom=>On;  mesaje=>edison
[08-May-2020 02:55:19 Europe/Berlin] Info=> prt_ini_session ; sessiom=>On;  mesaje=>edison@pruebas.om
[08-May-2020 02:55:19 Europe/Berlin] Info=> prt_ini_session ; sessiom=>On;  mesaje=>si
[08-May-2020 02:55:19 Europe/Berlin] Info=> prt_ini_session ; sessiom=>On;  mesaje=>1
[08-May-2020 02:55:19 Europe/Berlin] Info=> prt_ini_session ; sessiom=>On;  mesaje=>On
[08-May-2020 04:03:36 Europe/Berlin] Info=> prt_dtroy_session ; mesaje=>session destroy ; home=null
[08-May-2020 04:05:29 Europe/Berlin] Info=> prt_ini_session ; mesaje=>metodo-peticion=post
[08-May-2020 04:05:29 Europe/Berlin] Info=> prt_ini_session ; mesaje=>usuario=ZWRpc29u
[08-May-2020 04:05:29 Europe/Berlin] Info=> prt_ini_session ; mesaje=>password=MTIzNDU=
[08-May-2020 04:05:29 Europe/Berlin] Info=> Usuario->Auth_Usuario() ; mesaje=>nombre=ZWRpc29u
[08-May-2020 04:05:29 Europe/Berlin] Info=> Usuario->Auth_Usuario() ; mesaje=>password=MTIzNDU=
[08-May-2020 04:05:29 Europe/Berlin] info=>AutentificacionUsuario ; mensaje=>tabla= clientes.usuario
[08-May-2020 04:05:29 Europe/Berlin] info=>AutentificacionUsuario ; mensaje=>SELECT id, nombre, apellido ,correo, activo FROM clientes.usuario WHERE nombre=ZWRpc29uAND password='12345'
[08-May-2020 04:05:30 Europe/Berlin] info=>ConeccionDB->starConnect() ; mensaje=>coneccion realizada....
[08-May-2020 04:05:30 Europe/Berlin] info=>RexpressDao ; mensaje=>numero de resultados1
[08-May-2020 04:05:30 Europe/Berlin] info=>ConeccionDB->closeConnect() ; mensaje=> coneccion cerrada
[08-May-2020 04:05:30 Europe/Berlin] info=>AutentificacionUsuario ; mensaje=>correo encontrado ; registros devueltos 1
[08-May-2020 04:05:30 Europe/Berlin] Info=> prt_ini_session ; sessiom=>On;  mesaje=>edison
[08-May-2020 04:05:30 Europe/Berlin] Info=> prt_ini_session ; sessiom=>On;  mesaje=>edison@pruebas.om
[08-May-2020 04:05:30 Europe/Berlin] Info=> prt_ini_session ; sessiom=>On;  mesaje=>si
[08-May-2020 04:05:30 Europe/Berlin] Info=> prt_ini_session ; sessiom=>On;  mesaje=>1
[08-May-2020 04:05:30 Europe/Berlin] Info=> prt_ini_session ; sessiom=>On;  mesaje=>On
[08-May-2020 04:07:04 Europe/Berlin] Info=> prt_dtroy_session ; mesaje=>session destroy ; home=null
[08-May-2020 04:07:10 Europe/Berlin] Info=> prt_ini_session ; mesaje=>metodo-peticion=post
[08-May-2020 04:07:10 Europe/Berlin] Info=> prt_ini_session ; mesaje=>usuario=ZWRpc29u
[08-May-2020 04:07:10 Europe/Berlin] Info=> prt_ini_session ; mesaje=>password=MTIzNDU=
[08-May-2020 04:07:10 Europe/Berlin] Info=> Usuario->Auth_Usuario() ; mesaje=>nombre=ZWRpc29u
[08-May-2020 04:07:10 Europe/Berlin] Info=> Usuario->Auth_Usuario() ; mesaje=>password=MTIzNDU=
[08-May-2020 04:07:10 Europe/Berlin] info=>AutentificacionUsuario ; mensaje=>tabla= clientes.usuario
[08-May-2020 04:07:10 Europe/Berlin] info=>AutentificacionUsuario ; mensaje=>SELECT id, nombre, apellido ,correo, activo FROM clientes.usuario WHERE nombre=ZWRpc29uAND password='12345'
[08-May-2020 04:07:10 Europe/Berlin] info=>ConeccionDB->starConnect() ; mensaje=>coneccion realizada....
[08-May-2020 04:07:10 Europe/Berlin] info=>RexpressDao ; mensaje=>numero de resultados1
[08-May-2020 04:07:10 Europe/Berlin] info=>ConeccionDB->closeConnect() ; mensaje=> coneccion cerrada
[08-May-2020 04:07:10 Europe/Berlin] info=>AutentificacionUsuario ; mensaje=>correo encontrado ; registros devueltos 1
[08-May-2020 04:07:10 Europe/Berlin] Info=> prt_ini_session ; sessiom=>On;  mesaje=>edison
[08-May-2020 04:07:10 Europe/Berlin] Info=> prt_ini_session ; sessiom=>On;  mesaje=>edison@pruebas.om
[08-May-2020 04:07:10 Europe/Berlin] Info=> prt_ini_session ; sessiom=>On;  mesaje=>si
[08-May-2020 04:07:10 Europe/Berlin] Info=> prt_ini_session ; sessiom=>On;  mesaje=>1
[08-May-2020 04:07:10 Europe/Berlin] Info=> prt_ini_session ; sessiom=>On;  mesaje=>On
[08-May-2020 04:08:36 Europe/Berlin] Info=> prt_dtroy_session ; mesaje=>session destroy ; home=null
[08-May-2020 04:10:17 Europe/Berlin] Info=> prt_ini_session ; mesaje=>metodo-peticion=post
[08-May-2020 04:10:17 Europe/Berlin] Info=> prt_ini_session ; mesaje=>usuario=ZWRpc29u
[08-May-2020 04:10:17 Europe/Berlin] Info=> prt_ini_session ; mesaje=>password=MTIzNDU=
[08-May-2020 04:10:17 Europe/Berlin] Info=> Usuario->Auth_Usuario() ; mesaje=>nombre=ZWRpc29u
[08-May-2020 04:10:17 Europe/Berlin] Info=> Usuario->Auth_Usuario() ; mesaje=>password=MTIzNDU=
[08-May-2020 04:10:17 Europe/Berlin] info=>AutentificacionUsuario ; mensaje=>tabla= clientes.usuario
[08-May-2020 04:10:17 Europe/Berlin] info=>AutentificacionUsuario ; mensaje=>SELECT id, nombre, apellido ,correo, activo FROM clientes.usuario WHERE nombre=ZWRpc29uAND password='12345'
[08-May-2020 04:10:17 Europe/Berlin] info=>ConeccionDB->starConnect() ; mensaje=>coneccion realizada....
[08-May-2020 04:10:17 Europe/Berlin] info=>RexpressDao ; mensaje=>numero de resultados1
[08-May-2020 04:10:17 Europe/Berlin] info=>ConeccionDB->closeConnect() ; mensaje=> coneccion cerrada
[08-May-2020 04:10:17 Europe/Berlin] info=>AutentificacionUsuario ; mensaje=>correo encontrado ; registros devueltos 1
[08-May-2020 04:10:17 Europe/Berlin] Info=> prt_ini_session ; sessiom=>On;  mesaje=>edison
[08-May-2020 04:10:17 Europe/Berlin] Info=> prt_ini_session ; sessiom=>On;  mesaje=>edison@pruebas.om
[08-May-2020 04:10:17 Europe/Berlin] Info=> prt_ini_session ; sessiom=>On;  mesaje=>si
[08-May-2020 04:10:17 Europe/Berlin] Info=> prt_ini_session ; sessiom=>On;  mesaje=>1
[08-May-2020 04:10:17 Europe/Berlin] Info=> prt_ini_session ; sessiom=>On;  mesaje=>On
[08-May-2020 04:14:43 Europe/Berlin] Info=> prt_dtroy_session ; mesaje=>session destroy ; home=null
[08-May-2020 04:14:49 Europe/Berlin] Info=> prt_ini_session ; mesaje=>metodo-peticion=post
[08-May-2020 04:14:49 Europe/Berlin] Info=> prt_ini_session ; mesaje=>usuario=ZWRpc29u
[08-May-2020 04:14:49 Europe/Berlin] Info=> prt_ini_session ; mesaje=>password=MTIzNDU=
[08-May-2020 04:14:49 Europe/Berlin] Info=> Usuario->Auth_Usuario() ; mesaje=>nombre=ZWRpc29u
[08-May-2020 04:14:49 Europe/Berlin] Info=> Usuario->Auth_Usuario() ; mesaje=>password=MTIzNDU=
[08-May-2020 04:14:49 Europe/Berlin] info=>AutentificacionUsuario ; mensaje=>tabla= clientes.usuario
[08-May-2020 04:14:49 Europe/Berlin] info=>AutentificacionUsuario ; mensaje=>SELECT id, nombre, apellido ,correo, activo FROM clientes.usuario WHERE nombre=ZWRpc29uAND password='12345'
[08-May-2020 04:14:49 Europe/Berlin] info=>ConeccionDB->starConnect() ; mensaje=>coneccion realizada....
[08-May-2020 04:14:49 Europe/Berlin] info=>RexpressDao ; mensaje=>numero de resultados1
[08-May-2020 04:14:49 Europe/Berlin] info=>ConeccionDB->closeConnect() ; mensaje=> coneccion cerrada
[08-May-2020 04:14:49 Europe/Berlin] info=>AutentificacionUsuario ; mensaje=>correo encontrado ; registros devueltos 1
[08-May-2020 04:14:49 Europe/Berlin] Info=> prt_ini_session ; sessiom=>On;  mesaje=>edison
[08-May-2020 04:14:49 Europe/Berlin] Info=> prt_ini_session ; sessiom=>On;  mesaje=>edison@pruebas.om
[08-May-2020 04:14:49 Europe/Berlin] Info=> prt_ini_session ; sessiom=>On;  mesaje=>si
[08-May-2020 04:14:49 Europe/Berlin] Info=> prt_ini_session ; sessiom=>On;  mesaje=>1
[08-May-2020 04:14:49 Europe/Berlin] Info=> prt_ini_session ; sessiom=>On;  mesaje=>On
[08-May-2020 04:29:43 Europe/Berlin] Info=> prt_dtroy_session ; mesaje=>session destroy ; home=null
[08-May-2020 04:29:50 Europe/Berlin] Info=> prt_ini_session ; mesaje=>metodo-peticion=post
[08-May-2020 04:29:50 Europe/Berlin] Info=> prt_ini_session ; mesaje=>usuario=ZWRpc29u
[08-May-2020 04:29:50 Europe/Berlin] Info=> prt_ini_session ; mesaje=>password=MTIzNDU=
[08-May-2020 04:29:50 Europe/Berlin] Info=> Usuario->Auth_Usuario() ; mesaje=>nombre=ZWRpc29u
[08-May-2020 04:29:50 Europe/Berlin] Info=> Usuario->Auth_Usuario() ; mesaje=>password=MTIzNDU=
[08-May-2020 04:29:50 Europe/Berlin] info=>AutentificacionUsuario ; mensaje=>tabla= clientes.usuario
[08-May-2020 04:29:50 Europe/Berlin] info=>AutentificacionUsuario ; mensaje=>SELECT id, nombre, apellido ,correo, activo FROM clientes.usuario WHERE nombre=ZWRpc29uAND password='12345'
[08-May-2020 04:29:50 Europe/Berlin] info=>ConeccionDB->starConnect() ; mensaje=>coneccion realizada....
[08-May-2020 04:29:50 Europe/Berlin] info=>RexpressDao ; mensaje=>numero de resultados1
[08-May-2020 04:29:50 Europe/Berlin] info=>ConeccionDB->closeConnect() ; mensaje=> coneccion cerrada
[08-May-2020 04:29:50 Europe/Berlin] info=>AutentificacionUsuario ; mensaje=>correo encontrado ; registros devueltos 1
[08-May-2020 04:29:50 Europe/Berlin] Info=> prt_ini_session ; sessiom=>On;  mesaje=>edison
[08-May-2020 04:29:50 Europe/Berlin] Info=> prt_ini_session ; sessiom=>On;  mesaje=>edison@pruebas.om
[08-May-2020 04:29:50 Europe/Berlin] Info=> prt_ini_session ; sessiom=>On;  mesaje=>si
[08-May-2020 04:29:50 Europe/Berlin] Info=> prt_ini_session ; sessiom=>On;  mesaje=>1
[08-May-2020 04:29:50 Europe/Berlin] Info=> prt_ini_session ; sessiom=>On;  mesaje=>On
[08-May-2020 04:31:23 Europe/Berlin] Info=> prt_dtroy_session ; mesaje=>session destroy ; home=null
[08-May-2020 04:31:33 Europe/Berlin] Info=> prt_ini_session ; mesaje=>metodo-peticion=post
[08-May-2020 04:31:33 Europe/Berlin] Info=> prt_ini_session ; mesaje=>usuario=ZWRpc29u
[08-May-2020 04:31:33 Europe/Berlin] Info=> prt_ini_session ; mesaje=>password=MTIzNDU=
[08-May-2020 04:31:33 Europe/Berlin] Info=> Usuario->Auth_Usuario() ; mesaje=>nombre=ZWRpc29u
[08-May-2020 04:31:34 Europe/Berlin] Info=> Usuario->Auth_Usuario() ; mesaje=>password=MTIzNDU=
[08-May-2020 04:31:34 Europe/Berlin] info=>AutentificacionUsuario ; mensaje=>tabla= clientes.usuario
[08-May-2020 04:31:34 Europe/Berlin] info=>AutentificacionUsuario ; mensaje=>SELECT id, nombre, apellido ,correo, activo FROM clientes.usuario WHERE nombre=ZWRpc29uAND password='12345'
[08-May-2020 04:31:34 Europe/Berlin] info=>ConeccionDB->starConnect() ; mensaje=>coneccion realizada....
[08-May-2020 04:31:34 Europe/Berlin] info=>RexpressDao ; mensaje=>numero de resultados1
[08-May-2020 04:31:34 Europe/Berlin] info=>ConeccionDB->closeConnect() ; mensaje=> coneccion cerrada
[08-May-2020 04:31:34 Europe/Berlin] info=>AutentificacionUsuario ; mensaje=>correo encontrado ; registros devueltos 1
[08-May-2020 04:31:34 Europe/Berlin] Info=> prt_ini_session ; sessiom=>On;  mesaje=>edison
[08-May-2020 04:31:34 Europe/Berlin] Info=> prt_ini_session ; sessiom=>On;  mesaje=>edison@pruebas.om
[08-May-2020 04:31:34 Europe/Berlin] Info=> prt_ini_session ; sessiom=>On;  mesaje=>si
[08-May-2020 04:31:34 Europe/Berlin] Info=> prt_ini_session ; sessiom=>On;  mesaje=>1
[08-May-2020 04:31:34 Europe/Berlin] Info=> prt_ini_session ; sessiom=>On;  mesaje=>On
[08-May-2020 04:31:40 Europe/Berlin] Info=> prt_dtroy_session ; mesaje=>session destroy ; home=null
[08-May-2020 04:31:47 Europe/Berlin] Info=> prt_ini_session ; mesaje=>metodo-peticion=post
[08-May-2020 04:31:47 Europe/Berlin] Info=> prt_ini_session ; mesaje=>usuario=bWFydGE=
[08-May-2020 04:31:47 Europe/Berlin] Info=> prt_ini_session ; mesaje=>password=MTIzNDU=
[08-May-2020 04:31:47 Europe/Berlin] Info=> Usuario->Auth_Usuario() ; mesaje=>nombre=bWFydGE=
[08-May-2020 04:31:47 Europe/Berlin] Info=> Usuario->Auth_Usuario() ; mesaje=>password=MTIzNDU=
[08-May-2020 04:31:47 Europe/Berlin] info=>AutentificacionUsuario ; mensaje=>tabla= clientes.usuario
[08-May-2020 04:31:47 Europe/Berlin] info=>AutentificacionUsuario ; mensaje=>SELECT id, nombre, apellido ,correo, activo FROM clientes.usuario WHERE nombre=bWFydGE=AND password='12345'
[08-May-2020 04:31:47 Europe/Berlin] info=>ConeccionDB->starConnect() ; mensaje=>coneccion realizada....
[08-May-2020 04:31:47 Europe/Berlin] info=>RexpressDao ; mensaje=>numero de resultados1
[08-May-2020 04:31:47 Europe/Berlin] info=>ConeccionDB->closeConnect() ; mensaje=> coneccion cerrada
[08-May-2020 04:31:47 Europe/Berlin] info=>AutentificacionUsuario ; mensaje=>correo encontrado ; registros devueltos 1
[08-May-2020 04:31:47 Europe/Berlin] Info=> prt_ini_session ; sessiom=>On;  mesaje=>marta
[08-May-2020 04:31:48 Europe/Berlin] Info=> prt_ini_session ; sessiom=>On;  mesaje=>marta@prueba.com
[08-May-2020 04:31:48 Europe/Berlin] Info=> prt_ini_session ; sessiom=>On;  mesaje=>si
[08-May-2020 04:31:48 Europe/Berlin] Info=> prt_ini_session ; sessiom=>On;  mesaje=>3
[08-May-2020 04:31:48 Europe/Berlin] Info=> prt_ini_session ; sessiom=>On;  mesaje=>On
[08-May-2020 04:33:33 Europe/Berlin] Info=> prt_dtroy_session ; mesaje=>session destroy ; home=null
